Arguments: 
  C:\Program Files\nodejs\node.exe C:\Users\YASMINE96\AppData\Roaming\npm\node_modules\yarn\bin\yarn.js add fastify-view

PATH: 
  C:\app\YASMINE96\product\21c\dbhomeXE\bin;C:\Program Files (x86)\Common Files\Oracle\Java\javapath;C:\Windows\system32;C:\Windows;C:\Windows\System32\Wbem;C:\Windows\System32\WindowsPowerShell\v1.0\;C:\Windows\System32\OpenSSH\;C:\Program Files\nodejs\;C:\Program Files\MongoDB\Server\5.0\bin;C:\Program Files\Git\cmd;C:\Program Files\Java\jdk1.8.0_202\bin;C:\Program Files\Microsoft SQL Server\Client SDK\ODBC\130\Tools\Binn\;C:\Program Files (x86)\Microsoft SQL Server\140\Tools\Binn\;C:\Program Files\Microsoft SQL Server\140\Tools\Binn\;C:\Program Files\Microsoft SQL Server\140\DTS\Binn\;C:\Program Files (x86)\Microsoft SQL Server\150\DTS\Binn\;C:\Program Files\Azure Data Studio\bin;C:\Program Files\Docker\Docker\resources\bin;C:\Program Files\PuTTY\;C:\wamp64\bin\php\php8.2.0;C:\ProgramData\ComposerSetup\bin;C:\Users\YASMINE96\anaconda3;C:\Users\YASMINE96\anaconda3\Library\mingw-w64\bin;C:\Users\YASMINE96\anaconda3\Library\usr\bin;C:\Users\YASMINE96\anaconda3\Library\bin;C:\Users\YASMINE96\anaconda3\Scripts;C:\Users\YASMINE96\AppData\Local\Microsoft\WindowsApps;C:\Users\YASMINE96\AppData\Local\Programs\Microsoft VS Code\bin;C:\Users\YASMINE96\AppData\Roaming\npm;C:\Program Files\Azure Data Studio\bin;C:\Users\YASMINE96\AppData\Local\GitHubDesktop\bin;C:\Users\YASMINE96\AppData\Roaming\Composer\vendor\bin

Yarn version: 
  1.22.19

Node version: 
  16.16.0

Platform: 
  win32 x64

Trace: 
  Error: https://registry.yarnpkg.com/fastify-view: Not found
      at Request.params.callback [as _callback] (C:\Users\YASMINE96\AppData\Roaming\npm\node_modules\yarn\lib\cli.js:66145:18)
      at Request.self.callback (C:\Users\YASMINE96\AppData\Roaming\npm\node_modules\yarn\lib\cli.js:140890:22)
      at Request.emit (node:events:527:28)
      at Request.<anonymous> (C:\Users\YASMINE96\AppData\Roaming\npm\node_modules\yarn\lib\cli.js:141862:10)
      at Request.emit (node:events:527:28)
      at IncomingMessage.<anonymous> (C:\Users\YASMINE96\AppData\Roaming\npm\node_modules\yarn\lib\cli.js:141784:12)
      at Object.onceWrapper (node:events:641:28)
      at IncomingMessage.emit (node:events:539:35)
      at endReadableNT (node:internal/streams/readable:1345:12)
      at processTicksAndRejections (node:internal/process/task_queues:83:21)

npm manifest: 
  {
    "name": "poissonbackend",
    "version": "1.0.0",
    "description": "",
    "main": "index.js",
    "scripts": {
      "start": "nodemon index.js"
    },
    "keywords": [],
    "author": "",
    "license": "ISC",
    "dependencies": {
      "@fastify/mongodb": "^8.0.0",
      "cors": "^2.8.5",
      "dotenv": "^16.4.5",
      "fastify": "^4.26.1",
      "fastify-cors": "^6.1.0",
      "fastify-mongodb": "^4.2.0",
      "mongodb": "^5.0.0",
      "nodemon": "^3.1.0"
    }
  }

yarn manifest: 
  No manifest

Lockfile: 
  # THIS IS AN AUTOGENERATED FILE. DO NOT EDIT THIS FILE DIRECTLY.
  # yarn lockfile v1
  
  
  "@aws-crypto/crc32@3.0.0":
    "integrity" "sha512-IzSgsrxUcsrejQbPVilIKy16kAT52EwB6zSaI+M3xxIhKh5+aldEyvI+z6erM7TCLB2BJsFrtHjp6/4/sr+3dA=="
    "resolved" "https://registry.npmjs.org/@aws-crypto/crc32/-/crc32-3.0.0.tgz"
    "version" "3.0.0"
    dependencies:
      "@aws-crypto/util" "^3.0.0"
      "@aws-sdk/types" "^3.222.0"
      "tslib" "^1.11.1"
  
  "@aws-crypto/ie11-detection@^3.0.0":
    "integrity" "sha512-341lBBkiY1DfDNKai/wXM3aujNBkXR7tq1URPQDL9wi3AUbI80NR74uF1TXHMm7po1AcnFk8iu2S2IeU/+/A+Q=="
    "resolved" "https://registry.npmjs.org/@aws-crypto/ie11-detection/-/ie11-detection-3.0.0.tgz"
    "version" "3.0.0"
    dependencies:
      "tslib" "^1.11.1"
  
  "@aws-crypto/sha256-browser@3.0.0":
    "integrity" "sha512-8VLmW2B+gjFbU5uMeqtQM6Nj0/F1bro80xQXCW6CQBWgosFWXTx77aeOF5CAIAmbOK64SdMBJdNr6J41yP5mvQ=="
    "resolved" "https://registry.npmjs.org/@aws-crypto/sha256-browser/-/sha256-browser-3.0.0.tgz"
    "version" "3.0.0"
    dependencies:
      "@aws-crypto/ie11-detection" "^3.0.0"
      "@aws-crypto/sha256-js" "^3.0.0"
      "@aws-crypto/supports-web-crypto" "^3.0.0"
      "@aws-crypto/util" "^3.0.0"
      "@aws-sdk/types" "^3.222.0"
      "@aws-sdk/util-locate-window" "^3.0.0"
      "@aws-sdk/util-utf8-browser" "^3.0.0"
      "tslib" "^1.11.1"
  
  "@aws-crypto/sha256-js@^3.0.0", "@aws-crypto/sha256-js@3.0.0":
    "integrity" "sha512-PnNN7os0+yd1XvXAy23CFOmTbMaDxgxXtTKHybrJ39Y8kGzBATgBFibWJKH6BhytLI/Zyszs87xCOBNyBig6vQ=="
    "resolved" "https://registry.npmjs.org/@aws-crypto/sha256-js/-/sha256-js-3.0.0.tgz"
    "version" "3.0.0"
    dependencies:
      "@aws-crypto/util" "^3.0.0"
      "@aws-sdk/types" "^3.222.0"
      "tslib" "^1.11.1"
  
  "@aws-crypto/supports-web-crypto@^3.0.0":
    "integrity" "sha512-06hBdMwUAb2WFTuGG73LSC0wfPu93xWwo5vL2et9eymgmu3Id5vFAHBbajVWiGhPO37qcsdCap/FqXvJGJWPIg=="
    "resolved" "https://registry.npmjs.org/@aws-crypto/supports-web-crypto/-/supports-web-crypto-3.0.0.tgz"
    "version" "3.0.0"
    dependencies:
      "tslib" "^1.11.1"
  
  "@aws-crypto/util@^3.0.0":
    "integrity" "sha512-2OJlpeJpCR48CC8r+uKVChzs9Iungj9wkZrl8Z041DWEWvyIHILYKCPNzJghKsivj+S3mLo6BVc7mBNzdxA46w=="
    "resolved" "https://registry.npmjs.org/@aws-crypto/util/-/util-3.0.0.tgz"
    "version" "3.0.0"
    dependencies:
      "@aws-sdk/types" "^3.222.0"
      "@aws-sdk/util-utf8-browser" "^3.0.0"
      "tslib" "^1.11.1"
  
  "@aws-sdk/client-cognito-identity@3.525.0":
    "integrity" "sha512-LxI9rfn6Vy/EX6I7as14PAKqAhUwVQviaMV/xCLQIubgdVj1xfexVURdiSk7GQshpcwtrs+GQWV21yP+3AX/7A=="
    "resolved" "https://registry.npmjs.org/@aws-sdk/client-cognito-identity/-/client-cognito-identity-3.525.0.tgz"
    "version" "3.525.0"
    dependencies:
      "@aws-crypto/sha256-browser" "3.0.0"
      "@aws-crypto/sha256-js" "3.0.0"
      "@aws-sdk/client-sts" "3.525.0"
      "@aws-sdk/core" "3.525.0"
      "@aws-sdk/credential-provider-node" "3.525.0"
      "@aws-sdk/middleware-host-header" "3.523.0"
      "@aws-sdk/middleware-logger" "3.523.0"
      "@aws-sdk/middleware-recursion-detection" "3.523.0"
      "@aws-sdk/middleware-user-agent" "3.525.0"
      "@aws-sdk/region-config-resolver" "3.525.0"
      "@aws-sdk/types" "3.523.0"
      "@aws-sdk/util-endpoints" "3.525.0"
      "@aws-sdk/util-user-agent-browser" "3.523.0"
      "@aws-sdk/util-user-agent-node" "3.525.0"
      "@smithy/config-resolver" "^2.1.4"
      "@smithy/core" "^1.3.5"
      "@smithy/fetch-http-handler" "^2.4.3"
      "@smithy/hash-node" "^2.1.3"
      "@smithy/invalid-dependency" "^2.1.3"
      "@smithy/middleware-content-length" "^2.1.3"
      "@smithy/middleware-endpoint" "^2.4.4"
      "@smithy/middleware-retry" "^2.1.4"
      "@smithy/middleware-serde" "^2.1.3"
      "@smithy/middleware-stack" "^2.1.3"
      "@smithy/node-config-provider" "^2.2.4"
      "@smithy/node-http-handler" "^2.4.1"
      "@smithy/protocol-http" "^3.2.1"
      "@smithy/smithy-client" "^2.4.2"
      "@smithy/types" "^2.10.1"
      "@smithy/url-parser" "^2.1.3"
      "@smithy/util-base64" "^2.1.1"
      "@smithy/util-body-length-browser" "^2.1.1"
      "@smithy/util-body-length-node" "^2.2.1"
      "@smithy/util-defaults-mode-browser" "^2.1.4"
      "@smithy/util-defaults-mode-node" "^2.2.3"
      "@smithy/util-endpoints" "^1.1.4"
      "@smithy/util-middleware" "^2.1.3"
      "@smithy/util-retry" "^2.1.3"
      "@smithy/util-utf8" "^2.1.1"
      "tslib" "^2.5.0"
  
  "@aws-sdk/client-sso-oidc@3.525.0":
    "integrity" "sha512-zz13k/6RkjPSLmReSeGxd8wzGiiZa4Odr2Tv3wTcxClM4wOjD+zOgGv4Fe32b9AMqaueiCdjbvdu7AKcYxFA4A=="
    "resolved" "https://registry.npmjs.org/@aws-sdk/client-sso-oidc/-/client-sso-oidc-3.525.0.tgz"
    "version" "3.525.0"
    dependencies:
      "@aws-crypto/sha256-browser" "3.0.0"
      "@aws-crypto/sha256-js" "3.0.0"
      "@aws-sdk/client-sts" "3.525.0"
      "@aws-sdk/core" "3.525.0"
      "@aws-sdk/middleware-host-header" "3.523.0"
      "@aws-sdk/middleware-logger" "3.523.0"
      "@aws-sdk/middleware-recursion-detection" "3.523.0"
      "@aws-sdk/middleware-user-agent" "3.525.0"
      "@aws-sdk/region-config-resolver" "3.525.0"
      "@aws-sdk/types" "3.523.0"
      "@aws-sdk/util-endpoints" "3.525.0"
      "@aws-sdk/util-user-agent-browser" "3.523.0"
      "@aws-sdk/util-user-agent-node" "3.525.0"
      "@smithy/config-resolver" "^2.1.4"
      "@smithy/core" "^1.3.5"
      "@smithy/fetch-http-handler" "^2.4.3"
      "@smithy/hash-node" "^2.1.3"
      "@smithy/invalid-dependency" "^2.1.3"
      "@smithy/middleware-content-length" "^2.1.3"
      "@smithy/middleware-endpoint" "^2.4.4"
      "@smithy/middleware-retry" "^2.1.4"
      "@smithy/middleware-serde" "^2.1.3"
      "@smithy/middleware-stack" "^2.1.3"
      "@smithy/node-config-provider" "^2.2.4"
      "@smithy/node-http-handler" "^2.4.1"
      "@smithy/protocol-http" "^3.2.1"
      "@smithy/smithy-client" "^2.4.2"
      "@smithy/types" "^2.10.1"
      "@smithy/url-parser" "^2.1.3"
      "@smithy/util-base64" "^2.1.1"
      "@smithy/util-body-length-browser" "^2.1.1"
      "@smithy/util-body-length-node" "^2.2.1"
      "@smithy/util-defaults-mode-browser" "^2.1.4"
      "@smithy/util-defaults-mode-node" "^2.2.3"
      "@smithy/util-endpoints" "^1.1.4"
      "@smithy/util-middleware" "^2.1.3"
      "@smithy/util-retry" "^2.1.3"
      "@smithy/util-utf8" "^2.1.1"
      "tslib" "^2.5.0"
  
  "@aws-sdk/client-sso@3.525.0":
    "integrity" "sha512-6KwGQWFoNLH1UupdWPFdKPfTgjSz1kN8/r8aCzuvvXBe4Pz+iDUZ6FEJzGWNc9AapjvZDNO1hs23slomM9rTaA=="
    "resolved" "https://registry.npmjs.org/@aws-sdk/client-sso/-/client-sso-3.525.0.tgz"
    "version" "3.525.0"
    dependencies:
      "@aws-crypto/sha256-browser" "3.0.0"
      "@aws-crypto/sha256-js" "3.0.0"
      "@aws-sdk/core" "3.525.0"
      "@aws-sdk/middleware-host-header" "3.523.0"
      "@aws-sdk/middleware-logger" "3.523.0"
      "@aws-sdk/middleware-recursion-detection" "3.523.0"
      "@aws-sdk/middleware-user-agent" "3.525.0"
      "@aws-sdk/region-config-resolver" "3.525.0"
      "@aws-sdk/types" "3.523.0"
      "@aws-sdk/util-endpoints" "3.525.0"
      "@aws-sdk/util-user-agent-browser" "3.523.0"
      "@aws-sdk/util-user-agent-node" "3.525.0"
      "@smithy/config-resolver" "^2.1.4"
      "@smithy/core" "^1.3.5"
      "@smithy/fetch-http-handler" "^2.4.3"
      "@smithy/hash-node" "^2.1.3"
      "@smithy/invalid-dependency" "^2.1.3"
      "@smithy/middleware-content-length" "^2.1.3"
      "@smithy/middleware-endpoint" "^2.4.4"
      "@smithy/middleware-retry" "^2.1.4"
      "@smithy/middleware-serde" "^2.1.3"
      "@smithy/middleware-stack" "^2.1.3"
      "@smithy/node-config-provider" "^2.2.4"
      "@smithy/node-http-handler" "^2.4.1"
      "@smithy/protocol-http" "^3.2.1"
      "@smithy/smithy-client" "^2.4.2"
      "@smithy/types" "^2.10.1"
      "@smithy/url-parser" "^2.1.3"
      "@smithy/util-base64" "^2.1.1"
      "@smithy/util-body-length-browser" "^2.1.1"
      "@smithy/util-body-length-node" "^2.2.1"
      "@smithy/util-defaults-mode-browser" "^2.1.4"
      "@smithy/util-defaults-mode-node" "^2.2.3"
      "@smithy/util-endpoints" "^1.1.4"
      "@smithy/util-middleware" "^2.1.3"
      "@smithy/util-retry" "^2.1.3"
      "@smithy/util-utf8" "^2.1.1"
      "tslib" "^2.5.0"
  
  "@aws-sdk/client-sts@3.525.0":
    "integrity" "sha512-a8NUGRvO6rkfTZCbMaCsjDjLbERCwIUU9dIywFYcRgbFhkupJ7fSaZz3Het98U51M9ZbTEpaTa3fz0HaJv8VJw=="
    "resolved" "https://registry.npmjs.org/@aws-sdk/client-sts/-/client-sts-3.525.0.tgz"
    "version" "3.525.0"
    dependencies:
      "@aws-crypto/sha256-browser" "3.0.0"
      "@aws-crypto/sha256-js" "3.0.0"
      "@aws-sdk/core" "3.525.0"
      "@aws-sdk/middleware-host-header" "3.523.0"
      "@aws-sdk/middleware-logger" "3.523.0"
      "@aws-sdk/middleware-recursion-detection" "3.523.0"
      "@aws-sdk/middleware-user-agent" "3.525.0"
      "@aws-sdk/region-config-resolver" "3.525.0"
      "@aws-sdk/types" "3.523.0"
      "@aws-sdk/util-endpoints" "3.525.0"
      "@aws-sdk/util-user-agent-browser" "3.523.0"
      "@aws-sdk/util-user-agent-node" "3.525.0"
      "@smithy/config-resolver" "^2.1.4"
      "@smithy/core" "^1.3.5"
      "@smithy/fetch-http-handler" "^2.4.3"
      "@smithy/hash-node" "^2.1.3"
      "@smithy/invalid-dependency" "^2.1.3"
      "@smithy/middleware-content-length" "^2.1.3"
      "@smithy/middleware-endpoint" "^2.4.4"
      "@smithy/middleware-retry" "^2.1.4"
      "@smithy/middleware-serde" "^2.1.3"
      "@smithy/middleware-stack" "^2.1.3"
      "@smithy/node-config-provider" "^2.2.4"
      "@smithy/node-http-handler" "^2.4.1"
      "@smithy/protocol-http" "^3.2.1"
      "@smithy/smithy-client" "^2.4.2"
      "@smithy/types" "^2.10.1"
      "@smithy/url-parser" "^2.1.3"
      "@smithy/util-base64" "^2.1.1"
      "@smithy/util-body-length-browser" "^2.1.1"
      "@smithy/util-body-length-node" "^2.2.1"
      "@smithy/util-defaults-mode-browser" "^2.1.4"
      "@smithy/util-defaults-mode-node" "^2.2.3"
      "@smithy/util-endpoints" "^1.1.4"
      "@smithy/util-middleware" "^2.1.3"
      "@smithy/util-retry" "^2.1.3"
      "@smithy/util-utf8" "^2.1.1"
      "fast-xml-parser" "4.2.5"
      "tslib" "^2.5.0"
  
  "@aws-sdk/core@3.525.0":
    "integrity" "sha512-E3LtEtMWCriQOFZpVKpLYzbdw/v2PAOEAMhn2VRRZ1g0/g1TXzQrfhEU2yd8l/vQEJaCJ82ooGGg7YECviBUxA=="
    "resolved" "https://registry.npmjs.org/@aws-sdk/core/-/core-3.525.0.tgz"
    "version" "3.525.0"
    dependencies:
      "@smithy/core" "^1.3.5"
      "@smithy/protocol-http" "^3.2.1"
      "@smithy/signature-v4" "^2.1.3"
      "@smithy/smithy-client" "^2.4.2"
      "@smithy/types" "^2.10.1"
      "tslib" "^2.5.0"
  
  "@aws-sdk/credential-provider-cognito-identity@3.525.0":
    "integrity" "sha512-0djjCN/zN6QFQt1xU64VBOSRP4wJckU6U7FjLPrGpL6w03hF0dUmVUXjhQZe5WKNPCicVc2S3BYPohl/PzCx1w=="
    "resolved" "https://registry.npmjs.org/@aws-sdk/credential-provider-cognito-identity/-/credential-provider-cognito-identity-3.525.0.tgz"
    "version" "3.525.0"
    dependencies:
      "@aws-sdk/client-cognito-identity" "3.525.0"
      "@aws-sdk/types" "3.523.0"
      "@smithy/property-provider" "^2.1.3"
      "@smithy/types" "^2.10.1"
      "tslib" "^2.5.0"
  
  "@aws-sdk/credential-provider-env@3.523.0":
    "integrity" "sha512-Y6DWdH6/OuMDoNKVzZlNeBc6f1Yjk1lYMjANKpIhMbkRCvLJw/PYZKOZa8WpXbTYdgg9XLjKybnLIb3ww3uuzA=="
    "resolved" "https://registry.npmjs.org/@aws-sdk/credential-provider-env/-/credential-provider-env-3.523.0.tgz"
    "version" "3.523.0"
    dependencies:
      "@aws-sdk/types" "3.523.0"
      "@smithy/property-provider" "^2.1.3"
      "@smithy/types" "^2.10.1"
      "tslib" "^2.5.0"
  
  "@aws-sdk/credential-provider-http@3.525.0":
    "integrity" "sha512-RNWQGuSBQZhl3iqklOslUEfQ4br1V3DCPboMpeqFtddUWJV3m2u2extFur9/4Uy+1EHVF120IwZUKtd8dF+ibw=="
    "resolved" "https://registry.npmjs.org/@aws-sdk/credential-provider-http/-/credential-provider-http-3.525.0.tgz"
    "version" "3.525.0"
    dependencies:
      "@aws-sdk/types" "3.523.0"
      "@smithy/fetch-http-handler" "^2.4.3"
      "@smithy/node-http-handler" "^2.4.1"
      "@smithy/property-provider" "^2.1.3"
      "@smithy/protocol-http" "^3.2.1"
      "@smithy/smithy-client" "^2.4.2"
      "@smithy/types" "^2.10.1"
      "@smithy/util-stream" "^2.1.3"
      "tslib" "^2.5.0"
  
  "@aws-sdk/credential-provider-ini@3.525.0":
    "integrity" "sha512-JDnccfK5JRb9jcgpc9lirL9PyCwGIqY0nKdw3LlX5WL5vTpTG4E1q7rLAlpNh7/tFD1n66Itarfv2tsyHMIqCw=="
    "resolved" "https://registry.npmjs.org/@aws-sdk/credential-provider-ini/-/credential-provider-ini-3.525.0.tgz"
    "version" "3.525.0"
    dependencies:
      "@aws-sdk/client-sts" "3.525.0"
      "@aws-sdk/credential-provider-env" "3.523.0"
      "@aws-sdk/credential-provider-process" "3.523.0"
      "@aws-sdk/credential-provider-sso" "3.525.0"
      "@aws-sdk/credential-provider-web-identity" "3.525.0"
      "@aws-sdk/types" "3.523.0"
      "@smithy/credential-provider-imds" "^2.2.3"
      "@smithy/property-provider" "^2.1.3"
      "@smithy/shared-ini-file-loader" "^2.3.3"
      "@smithy/types" "^2.10.1"
      "tslib" "^2.5.0"
  
  "@aws-sdk/credential-provider-node@^3.525.0", "@aws-sdk/credential-provider-node@3.525.0":
    "integrity" "sha512-RJXlO8goGXpnoHQAyrCcJ0QtWEOFa34LSbfdqBIjQX/fwnjUuEmiGdXTV3AZmwYQ7juk49tfBneHbtOP3AGqsQ=="
    "resolved" "https://registry.npmjs.org/@aws-sdk/credential-provider-node/-/credential-provider-node-3.525.0.tgz"
    "version" "3.525.0"
    dependencies:
      "@aws-sdk/credential-provider-env" "3.523.0"
      "@aws-sdk/credential-provider-http" "3.525.0"
      "@aws-sdk/credential-provider-ini" "3.525.0"
      "@aws-sdk/credential-provider-process" "3.523.0"
      "@aws-sdk/credential-provider-sso" "3.525.0"
      "@aws-sdk/credential-provider-web-identity" "3.525.0"
      "@aws-sdk/types" "3.523.0"
      "@smithy/credential-provider-imds" "^2.2.3"
      "@smithy/property-provider" "^2.1.3"
      "@smithy/shared-ini-file-loader" "^2.3.3"
      "@smithy/types" "^2.10.1"
      "tslib" "^2.5.0"
  
  "@aws-sdk/credential-provider-process@3.523.0":
    "integrity" "sha512-f0LP9KlFmMvPWdKeUKYlZ6FkQAECUeZMmISsv6NKtvPCI9e4O4cLTeR09telwDK8P0HrgcRuZfXM7E30m8re0Q=="
    "resolved" "https://registry.npmjs.org/@aws-sdk/credential-provider-process/-/credential-provider-process-3.523.0.tgz"
    "version" "3.523.0"
    dependencies:
      "@aws-sdk/types" "3.523.0"
      "@smithy/property-provider" "^2.1.3"
      "@smithy/shared-ini-file-loader" "^2.3.3"
      "@smithy/types" "^2.10.1"
      "tslib" "^2.5.0"
  
  "@aws-sdk/credential-provider-sso@3.525.0":
    "integrity" "sha512-7V7ybtufxdD3plxeIeB6aqHZeFIUlAyPphXIUgXrGY10iNcosL970rQPBeggsohe4gCM6UvY2TfMeEcr+ZE8FA=="
    "resolved" "https://registry.npmjs.org/@aws-sdk/credential-provider-sso/-/credential-provider-sso-3.525.0.tgz"
    "version" "3.525.0"
    dependencies:
      "@aws-sdk/client-sso" "3.525.0"
      "@aws-sdk/token-providers" "3.525.0"
      "@aws-sdk/types" "3.523.0"
      "@smithy/property-provider" "^2.1.3"
      "@smithy/shared-ini-file-loader" "^2.3.3"
      "@smithy/types" "^2.10.1"
      "tslib" "^2.5.0"
  
  "@aws-sdk/credential-provider-web-identity@3.525.0":
    "integrity" "sha512-sAukOjR1oKb2JXG4nPpuBFpSwGUhrrY17PG/xbTy8NAoLLhrqRwnErcLfdTfmj6tH+3094k6ws/Sh8a35ae7fA=="
    "resolved" "https://registry.npmjs.org/@aws-sdk/credential-provider-web-identity/-/credential-provider-web-identity-3.525.0.tgz"
    "version" "3.525.0"
    dependencies:
      "@aws-sdk/client-sts" "3.525.0"
      "@aws-sdk/types" "3.523.0"
      "@smithy/property-provider" "^2.1.3"
      "@smithy/types" "^2.10.1"
      "tslib" "^2.5.0"
  
  "@aws-sdk/credential-providers@^3.186.0", "@aws-sdk/credential-providers@^3.188.0", "@aws-sdk/credential-providers@^3.201.0":
    "integrity" "sha512-zj439Ok1s44nahIJKpBM4jhAxnSw20flXQpMD2aeGdvUuKm2xmzZP0lX5z9a+XQWFtNh251ZcSt2p+RwtLKtiw=="
    "resolved" "https://registry.npmjs.org/@aws-sdk/credential-providers/-/credential-providers-3.525.0.tgz"
    "version" "3.525.0"
    dependencies:
      "@aws-sdk/client-cognito-identity" "3.525.0"
      "@aws-sdk/client-sso" "3.525.0"
      "@aws-sdk/client-sts" "3.525.0"
      "@aws-sdk/credential-provider-cognito-identity" "3.525.0"
      "@aws-sdk/credential-provider-env" "3.523.0"
      "@aws-sdk/credential-provider-http" "3.525.0"
      "@aws-sdk/credential-provider-ini" "3.525.0"
      "@aws-sdk/credential-provider-node" "3.525.0"
      "@aws-sdk/credential-provider-process" "3.523.0"
      "@aws-sdk/credential-provider-sso" "3.525.0"
      "@aws-sdk/credential-provider-web-identity" "3.525.0"
      "@aws-sdk/types" "3.523.0"
      "@smithy/credential-provider-imds" "^2.2.3"
      "@smithy/property-provider" "^2.1.3"
      "@smithy/types" "^2.10.1"
      "tslib" "^2.5.0"
  
  "@aws-sdk/middleware-host-header@3.523.0":
    "integrity" "sha512-4g3q7Ta9sdD9TMUuohBAkbx/e3I/juTqfKi7TPgP+8jxcYX72MOsgemAMHuP6CX27eyj4dpvjH+w4SIVDiDSmg=="
    "resolved" "https://registry.npmjs.org/@aws-sdk/middleware-host-header/-/middleware-host-header-3.523.0.tgz"
    "version" "3.523.0"
    dependencies:
      "@aws-sdk/types" "3.523.0"
      "@smithy/protocol-http" "^3.2.1"
      "@smithy/types" "^2.10.1"
      "tslib" "^2.5.0"
  
  "@aws-sdk/middleware-logger@3.523.0":
    "integrity" "sha512-PeDNJNhfiaZx54LBaLTXzUaJ9LXFwDFFIksipjqjvxMafnoVcQwKbkoPUWLe5ytT4nnL1LogD3s55mERFUsnwg=="
    "resolved" "https://registry.npmjs.org/@aws-sdk/middleware-logger/-/middleware-logger-3.523.0.tgz"
    "version" "3.523.0"
    dependencies:
      "@aws-sdk/types" "3.523.0"
      "@smithy/types" "^2.10.1"
      "tslib" "^2.5.0"
  
  "@aws-sdk/middleware-recursion-detection@3.523.0":
    "integrity" "sha512-nZ3Vt7ehfSDYnrcg/aAfjjvpdE+61B3Zk68i6/hSUIegT3IH9H1vSW67NDKVp+50hcEfzWwM2HMPXxlzuyFyrw=="
    "resolved" "https://registry.npmjs.org/@aws-sdk/middleware-recursion-detection/-/middleware-recursion-detection-3.523.0.tgz"
    "version" "3.523.0"
    dependencies:
      "@aws-sdk/types" "3.523.0"
      "@smithy/protocol-http" "^3.2.1"
      "@smithy/types" "^2.10.1"
      "tslib" "^2.5.0"
  
  "@aws-sdk/middleware-user-agent@3.525.0":
    "integrity" "sha512-4al/6uO+t/QIYXK2OgqzDKQzzLAYJza1vWFS+S0lJ3jLNGyLB5BMU5KqWjDzevYZ4eCnz2Nn7z0FveUTNz8YdQ=="
    "resolved" "https://registry.npmjs.org/@aws-sdk/middleware-user-agent/-/middleware-user-agent-3.525.0.tgz"
    "version" "3.525.0"
    dependencies:
      "@aws-sdk/types" "3.523.0"
      "@aws-sdk/util-endpoints" "3.525.0"
      "@smithy/protocol-http" "^3.2.1"
      "@smithy/types" "^2.10.1"
      "tslib" "^2.5.0"
  
  "@aws-sdk/region-config-resolver@3.525.0":
    "integrity" "sha512-8kFqXk6UyKgTMi7N7QlhA6qM4pGPWbiUXqEY2RgUWngtxqNFGeM9JTexZeuavQI+qLLe09VPShPNX71fEDcM6w=="
    "resolved" "https://registry.npmjs.org/@aws-sdk/region-config-resolver/-/region-config-resolver-3.525.0.tgz"
    "version" "3.525.0"
    dependencies:
      "@aws-sdk/types" "3.523.0"
      "@smithy/node-config-provider" "^2.2.4"
      "@smithy/types" "^2.10.1"
      "@smithy/util-config-provider" "^2.2.1"
      "@smithy/util-middleware" "^2.1.3"
      "tslib" "^2.5.0"
  
  "@aws-sdk/token-providers@3.525.0":
    "integrity" "sha512-puVjbxuK0Dq7PTQ2HdddHy2eQjOH8GZbump74yWJa6JVpRW84LlOcNmP+79x4Kscvz2ldWB8XDFw/pcCiSDe5A=="
    "resolved" "https://registry.npmjs.org/@aws-sdk/token-providers/-/token-providers-3.525.0.tgz"
    "version" "3.525.0"
    dependencies:
      "@aws-sdk/client-sso-oidc" "3.525.0"
      "@aws-sdk/types" "3.523.0"
      "@smithy/property-provider" "^2.1.3"
      "@smithy/shared-ini-file-loader" "^2.3.3"
      "@smithy/types" "^2.10.1"
      "tslib" "^2.5.0"
  
  "@aws-sdk/types@^3.222.0", "@aws-sdk/types@3.523.0":
    "integrity" "sha512-AqGIu4u+SxPiUuNBp2acCVcq80KDUFjxe6e3cMTvKWTzCbrVk1AXv0dAaJnCmdkWIha6zJDWxpIk/aL4EGhZ9A=="
    "resolved" "https://registry.npmjs.org/@aws-sdk/types/-/types-3.523.0.tgz"
    "version" "3.523.0"
    dependencies:
      "@smithy/types" "^2.10.1"
      "tslib" "^2.5.0"
  
  "@aws-sdk/util-endpoints@3.525.0":
    "integrity" "sha512-DIW7WWU5tIGkeeKX6NJUyrEIdWMiqjLQG3XBzaUj+ufIENwNjdAHhlD8l2vX7Yr3JZRT6yN/84wBCj7Tw1xd1g=="
    "resolved" "https://registry.npmjs.org/@aws-sdk/util-endpoints/-/util-endpoints-3.525.0.tgz"
    "version" "3.525.0"
    dependencies:
      "@aws-sdk/types" "3.523.0"
      "@smithy/types" "^2.10.1"
      "@smithy/util-endpoints" "^1.1.4"
      "tslib" "^2.5.0"
  
  "@aws-sdk/util-locate-window@^3.0.0":
    "integrity" "sha512-MfaPXT0kLX2tQaR90saBT9fWQq2DHqSSJRzW+MZWsmF+y5LGCOhO22ac/2o6TKSQm7h0HRc2GaADqYYYor62yg=="
    "resolved" "https://registry.npmjs.org/@aws-sdk/util-locate-window/-/util-locate-window-3.495.0.tgz"
    "version" "3.495.0"
    dependencies:
      "tslib" "^2.5.0"
  
  "@aws-sdk/util-user-agent-browser@3.523.0":
    "integrity" "sha512-6ZRNdGHX6+HQFqTbIA5+i8RWzxFyxsZv8D3soRfpdyWIKkzhSz8IyRKXRciwKBJDaC7OX2jzGE90wxRQft27nA=="
    "resolved" "https://registry.npmjs.org/@aws-sdk/util-user-agent-browser/-/util-user-agent-browser-3.523.0.tgz"
    "version" "3.523.0"
    dependencies:
      "@aws-sdk/types" "3.523.0"
      "@smithy/types" "^2.10.1"
      "bowser" "^2.11.0"
      "tslib" "^2.5.0"
  
  "@aws-sdk/util-user-agent-node@3.525.0":
    "integrity" "sha512-88Wjt4efyUSBGcyIuh1dvoMqY1k15jpJc5A/3yi67clBQEFsu9QCodQCQPqmRjV3VRcMtBOk+jeCTiUzTY5dRQ=="
    "resolved" "https://registry.npmjs.org/@aws-sdk/util-user-agent-node/-/util-user-agent-node-3.525.0.tgz"
    "version" "3.525.0"
    dependencies:
      "@aws-sdk/types" "3.523.0"
      "@smithy/node-config-provider" "^2.2.4"
      "@smithy/types" "^2.10.1"
      "tslib" "^2.5.0"
  
  "@aws-sdk/util-utf8-browser@^3.0.0":
    "integrity" "sha512-UvFa/vR+e19XookZF8RzFZBrw2EUkQWxiBW0yYQAhvk3C+QVGl0H3ouca8LDBlBfQKXwmW3huo/59H8rwb1wJw=="
    "resolved" "https://registry.npmjs.org/@aws-sdk/util-utf8-browser/-/util-utf8-browser-3.259.0.tgz"
    "version" "3.259.0"
    dependencies:
      "tslib" "^2.3.1"
  
  "@fastify/ajv-compiler@^3.5.0":
    "integrity" "sha512-ebbEtlI7dxXF5ziNdr05mOY8NnDiPB1XvAlLHctRt/Rc+C3LCOVW5imUVX+mhvUhnNzmPBHewUkOFgGlCxgdAA=="
    "resolved" "https://registry.npmjs.org/@fastify/ajv-compiler/-/ajv-compiler-3.5.0.tgz"
    "version" "3.5.0"
    dependencies:
      "ajv" "^8.11.0"
      "ajv-formats" "^2.1.1"
      "fast-uri" "^2.0.0"
  
  "@fastify/error@^3.3.0", "@fastify/error@^3.4.0":
    "integrity" "sha512-wWSvph+29GR783IhmvdwWnN4bUxTD01Vm5Xad4i7i1VuAOItLvbPAb69sb0IQ2N57yprvhNIwAP5B6xfKTmjmQ=="
    "resolved" "https://registry.npmjs.org/@fastify/error/-/error-3.4.1.tgz"
    "version" "3.4.1"
  
  "@fastify/fast-json-stringify-compiler@^4.3.0":
    "integrity" "sha512-aZAXGYo6m22Fk1zZzEUKBvut/CIIQe/BapEORnxiD5Qr0kPHqqI69NtEMCme74h+at72sPhbkb4ZrLd1W3KRLA=="
    "resolved" "https://registry.npmjs.org/@fastify/fast-json-stringify-compiler/-/fast-json-stringify-compiler-4.3.0.tgz"
    "version" "4.3.0"
    dependencies:
      "fast-json-stringify" "^5.7.0"
  
  "@fastify/merge-json-schemas@^0.1.0":
    "integrity" "sha512-fERDVz7topgNjtXsJTTW1JKLy0rhuLRcquYqNR9rF7OcVpCa2OVW49ZPDIhaRRCaUuvVxI+N416xUoF76HNSXA=="
    "resolved" "https://registry.npmjs.org/@fastify/merge-json-schemas/-/merge-json-schemas-0.1.1.tgz"
    "version" "0.1.1"
    dependencies:
      "fast-deep-equal" "^3.1.3"
  
  "@fastify/mongodb@^8.0.0":
    "integrity" "sha512-IDw/wWpdc53+Y5sPpMg+ek71HOIVuz8NoD2GlfIOcvGE/lYdrZvnFQxqJcaZtlwPZ7YflDDkIu5aNkCPWdZQ0Q=="
    "resolved" "https://registry.npmjs.org/@fastify/mongodb/-/mongodb-8.0.0.tgz"
    "version" "8.0.0"
    dependencies:
      "fastify-plugin" "^4.0.0"
      "mongodb" "^6.0.0"
  
  "@mongodb-js/saslprep@^1.1.0":
    "integrity" "sha512-8zJ8N1x51xo9hwPh6AWnKdLGEC5N3lDa6kms1YHmFBoRhTpJR6HG8wWk0td1MVCu9cD4YBrvjZEtd5Obw0Fbnw=="
    "resolved" "https://registry.npmjs.org/@mongodb-js/saslprep/-/saslprep-1.1.4.tgz"
    "version" "1.1.4"
    dependencies:
      "sparse-bitfield" "^3.0.3"
  
  "@smithy/abort-controller@^2.1.3":
    "integrity" "sha512-c2aYH2Wu1RVE3rLlVgg2kQOBJGM0WbjReQi5DnPTm2Zb7F0gk7J2aeQeaX2u/lQZoHl6gv8Oac7mt9alU3+f4A=="
    "resolved" "https://registry.npmjs.org/@smithy/abort-controller/-/abort-controller-2.1.3.tgz"
    "version" "2.1.3"
    dependencies:
      "@smithy/types" "^2.10.1"
      "tslib" "^2.5.0"
  
  "@smithy/config-resolver@^2.1.4":
    "integrity" "sha512-AW2WUZmBAzgO3V3ovKtsUbI3aBNMeQKFDumoqkNxaVDWF/xfnxAWqBKDr/NuG7c06N2Rm4xeZLPiJH/d+na0HA=="
    "resolved" "https://registry.npmjs.org/@smithy/config-resolver/-/config-resolver-2.1.4.tgz"
    "version" "2.1.4"
    dependencies:
      "@smithy/node-config-provider" "^2.2.4"
      "@smithy/types" "^2.10.1"
      "@smithy/util-config-provider" "^2.2.1"
      "@smithy/util-middleware" "^2.1.3"
      "tslib" "^2.5.0"
  
  "@smithy/core@^1.3.5":
    "integrity" "sha512-Rrc+e2Jj6Gu7Xbn0jvrzZlSiP2CZocIOfZ9aNUA82+1sa6GBnxqL9+iZ9EKHeD9aqD1nU8EK4+oN2EiFpSv7Yw=="
    "resolved" "https://registry.npmjs.org/@smithy/core/-/core-1.3.5.tgz"
    "version" "1.3.5"
    dependencies:
      "@smithy/middleware-endpoint" "^2.4.4"
      "@smithy/middleware-retry" "^2.1.4"
      "@smithy/middleware-serde" "^2.1.3"
      "@smithy/protocol-http" "^3.2.1"
      "@smithy/smithy-client" "^2.4.2"
      "@smithy/types" "^2.10.1"
      "@smithy/util-middleware" "^2.1.3"
      "tslib" "^2.5.0"
  
  "@smithy/credential-provider-imds@^2.2.3", "@smithy/credential-provider-imds@^2.2.4":
    "integrity" "sha512-DdatjmBZQnhGe1FhI8gO98f7NmvQFSDiZTwC3WMvLTCKQUY+Y1SVkhJqIuLu50Eb7pTheoXQmK+hKYUgpUWsNA=="
    "resolved" "https://registry.npmjs.org/@smithy/credential-provider-imds/-/credential-provider-imds-2.2.4.tgz"
    "version" "2.2.4"
    dependencies:
      "@smithy/node-config-provider" "^2.2.4"
      "@smithy/property-provider" "^2.1.3"
      "@smithy/types" "^2.10.1"
      "@smithy/url-parser" "^2.1.3"
      "tslib" "^2.5.0"
  
  "@smithy/eventstream-codec@^2.1.3":
    "integrity" "sha512-rGlCVuwSDv6qfKH4/lRxFjcZQnIE0LZ3D4lkMHg7ZSltK9rA74r0VuGSvWVQ4N/d70VZPaniFhp4Z14QYZsa+A=="
    "resolved" "https://registry.npmjs.org/@smithy/eventstream-codec/-/eventstream-codec-2.1.3.tgz"
    "version" "2.1.3"
    dependencies:
      "@aws-crypto/crc32" "3.0.0"
      "@smithy/types" "^2.10.1"
      "@smithy/util-hex-encoding" "^2.1.1"
      "tslib" "^2.5.0"
  
  "@smithy/fetch-http-handler@^2.4.3":
    "integrity" "sha512-Fn/KYJFo6L5I4YPG8WQb2hOmExgRmNpVH5IK2zU3JKrY5FKW7y9ar5e0BexiIC9DhSKqKX+HeWq/Y18fq7Dkpw=="
    "resolved" "https://registry.npmjs.org/@smithy/fetch-http-handler/-/fetch-http-handler-2.4.3.tgz"
    "version" "2.4.3"
    dependencies:
      "@smithy/protocol-http" "^3.2.1"
      "@smithy/querystring-builder" "^2.1.3"
      "@smithy/types" "^2.10.1"
      "@smithy/util-base64" "^2.1.1"
      "tslib" "^2.5.0"
  
  "@smithy/hash-node@^2.1.3":
    "integrity" "sha512-FsAPCUj7VNJIdHbSxMd5uiZiF20G2zdSDgrgrDrHqIs/VMxK85Vqk5kMVNNDMCZmMezp6UKnac0B4nAyx7HJ9g=="
    "resolved" "https://registry.npmjs.org/@smithy/hash-node/-/hash-node-2.1.3.tgz"
    "version" "2.1.3"
    dependencies:
      "@smithy/types" "^2.10.1"
      "@smithy/util-buffer-from" "^2.1.1"
      "@smithy/util-utf8" "^2.1.1"
      "tslib" "^2.5.0"
  
  "@smithy/invalid-dependency@^2.1.3":
    "integrity" "sha512-wkra7d/G4CbngV4xsjYyAYOvdAhahQje/WymuQdVEnXFExJopEu7fbL5AEAlBPgWHXwu94VnCSG00gVzRfExyg=="
    "resolved" "https://registry.npmjs.org/@smithy/invalid-dependency/-/invalid-dependency-2.1.3.tgz"
    "version" "2.1.3"
    dependencies:
      "@smithy/types" "^2.10.1"
      "tslib" "^2.5.0"
  
  "@smithy/is-array-buffer@^2.1.1":
    "integrity" "sha512-xozSQrcUinPpNPNPds4S7z/FakDTh1MZWtRP/2vQtYB/u3HYrX2UXuZs+VhaKBd6Vc7g2XPr2ZtwGBNDN6fNKQ=="
    "resolved" "https://registry.npmjs.org/@smithy/is-array-buffer/-/is-array-buffer-2.1.1.tgz"
    "version" "2.1.1"
    dependencies:
      "tslib" "^2.5.0"
  
  "@smithy/middleware-content-length@^2.1.3":
    "integrity" "sha512-aJduhkC+dcXxdnv5ZpM3uMmtGmVFKx412R1gbeykS5HXDmRU6oSsyy2SoHENCkfOGKAQOjVE2WVqDJibC0d21g=="
    "resolved" "https://registry.npmjs.org/@smithy/middleware-content-length/-/middleware-content-length-2.1.3.tgz"
    "version" "2.1.3"
    dependencies:
      "@smithy/protocol-http" "^3.2.1"
      "@smithy/types" "^2.10.1"
      "tslib" "^2.5.0"
  
  "@smithy/middleware-endpoint@^2.4.4":
    "integrity" "sha512-4yjHyHK2Jul4JUDBo2sTsWY9UshYUnXeb/TAK/MTaPEb8XQvDmpwSFnfIRDU45RY1a6iC9LCnmJNg/yHyfxqkw=="
    "resolved" "https://registry.npmjs.org/@smithy/middleware-endpoint/-/middleware-endpoint-2.4.4.tgz"
    "version" "2.4.4"
    dependencies:
      "@smithy/middleware-serde" "^2.1.3"
      "@smithy/node-config-provider" "^2.2.4"
      "@smithy/shared-ini-file-loader" "^2.3.4"
      "@smithy/types" "^2.10.1"
      "@smithy/url-parser" "^2.1.3"
      "@smithy/util-middleware" "^2.1.3"
      "tslib" "^2.5.0"
  
  "@smithy/middleware-retry@^2.1.4":
    "integrity" "sha512-Cyolv9YckZTPli1EkkaS39UklonxMd08VskiuMhURDjC0HHa/AD6aK/YoD21CHv9s0QLg0WMLvk9YeLTKkXaFQ=="
    "resolved" "https://registry.npmjs.org/@smithy/middleware-retry/-/middleware-retry-2.1.4.tgz"
    "version" "2.1.4"
    dependencies:
      "@smithy/node-config-provider" "^2.2.4"
      "@smithy/protocol-http" "^3.2.1"
      "@smithy/service-error-classification" "^2.1.3"
      "@smithy/smithy-client" "^2.4.2"
      "@smithy/types" "^2.10.1"
      "@smithy/util-middleware" "^2.1.3"
      "@smithy/util-retry" "^2.1.3"
      "tslib" "^2.5.0"
      "uuid" "^8.3.2"
  
  "@smithy/middleware-serde@^2.1.3":
    "integrity" "sha512-s76LId+TwASrHhUa9QS4k/zeXDUAuNuddKklQzRgumbzge5BftVXHXIqL4wQxKGLocPwfgAOXWx+HdWhQk9hTg=="
    "resolved" "https://registry.npmjs.org/@smithy/middleware-serde/-/middleware-serde-2.1.3.tgz"
    "version" "2.1.3"
    dependencies:
      "@smithy/types" "^2.10.1"
      "tslib" "^2.5.0"
  
  "@smithy/middleware-stack@^2.1.3":
    "integrity" "sha512-opMFufVQgvBSld/b7mD7OOEBxF6STyraVr1xel1j0abVILM8ALJvRoFbqSWHGmaDlRGIiV9Q5cGbWi0sdiEaLQ=="
    "resolved" "https://registry.npmjs.org/@smithy/middleware-stack/-/middleware-stack-2.1.3.tgz"
    "version" "2.1.3"
    dependencies:
      "@smithy/types" "^2.10.1"
      "tslib" "^2.5.0"
  
  "@smithy/node-config-provider@^2.2.4":
    "integrity" "sha512-nqazHCp8r4KHSFhRQ+T0VEkeqvA0U+RhehBSr1gunUuNW3X7j0uDrWBxB2gE9eutzy6kE3Y7L+Dov/UXT871vg=="
    "resolved" "https://registry.npmjs.org/@smithy/node-config-provider/-/node-config-provider-2.2.4.tgz"
    "version" "2.2.4"
    dependencies:
      "@smithy/property-provider" "^2.1.3"
      "@smithy/shared-ini-file-loader" "^2.3.4"
      "@smithy/types" "^2.10.1"
      "tslib" "^2.5.0"
  
  "@smithy/node-http-handler@^2.4.1":
    "integrity" "sha512-HCkb94soYhJMxPCa61wGKgmeKpJ3Gftx1XD6bcWEB2wMV1L9/SkQu/6/ysKBnbOzWRE01FGzwrTxucHypZ8rdg=="
    "resolved" "https://registry.npmjs.org/@smithy/node-http-handler/-/node-http-handler-2.4.1.tgz"
    "version" "2.4.1"
    dependencies:
      "@smithy/abort-controller" "^2.1.3"
      "@smithy/protocol-http" "^3.2.1"
      "@smithy/querystring-builder" "^2.1.3"
      "@smithy/types" "^2.10.1"
      "tslib" "^2.5.0"
  
  "@smithy/property-provider@^2.1.3":
    "integrity" "sha512-bMz3se+ySKWNrgm7eIiQMa2HO/0fl2D0HvLAdg9pTMcpgp4SqOAh6bz7Ik6y7uQqSrk4rLjIKgbQ6yzYgGehCQ=="
    "resolved" "https://registry.npmjs.org/@smithy/property-provider/-/property-provider-2.1.3.tgz"
    "version" "2.1.3"
    dependencies:
      "@smithy/types" "^2.10.1"
      "tslib" "^2.5.0"
  
  "@smithy/protocol-http@^3.2.1":
    "integrity" "sha512-KLrQkEw4yJCeAmAH7hctE8g9KwA7+H2nSJwxgwIxchbp/L0B5exTdOQi9D5HinPLlothoervGmhpYKelZ6AxIA=="
    "resolved" "https://registry.npmjs.org/@smithy/protocol-http/-/protocol-http-3.2.1.tgz"
    "version" "3.2.1"
    dependencies:
      "@smithy/types" "^2.10.1"
      "tslib" "^2.5.0"
  
  "@smithy/querystring-builder@^2.1.3":
    "integrity" "sha512-kFD3PnNqKELe6m9GRHQw/ftFFSZpnSeQD4qvgDB6BQN6hREHELSosVFUMPN4M3MDKN2jAwk35vXHLoDrNfKu0A=="
    "resolved" "https://registry.npmjs.org/@smithy/querystring-builder/-/querystring-builder-2.1.3.tgz"
    "version" "2.1.3"
    dependencies:
      "@smithy/types" "^2.10.1"
      "@smithy/util-uri-escape" "^2.1.1"
      "tslib" "^2.5.0"
  
  "@smithy/querystring-parser@^2.1.3":
    "integrity" "sha512-3+CWJoAqcBMR+yvz6D+Fc5VdoGFtfenW6wqSWATWajrRMGVwJGPT3Vy2eb2bnMktJc4HU4bpjeovFa566P3knQ=="
    "resolved" "https://registry.npmjs.org/@smithy/querystring-parser/-/querystring-parser-2.1.3.tgz"
    "version" "2.1.3"
    dependencies:
      "@smithy/types" "^2.10.1"
      "tslib" "^2.5.0"
  
  "@smithy/service-error-classification@^2.1.3":
    "integrity" "sha512-iUrpSsem97bbXHHT/v3s7vaq8IIeMo6P6cXdeYHrx0wOJpMeBGQF7CB0mbJSiTm3//iq3L55JiEm8rA7CTVI8A=="
    "resolved" "https://registry.npmjs.org/@smithy/service-error-classification/-/service-error-classification-2.1.3.tgz"
    "version" "2.1.3"
    dependencies:
      "@smithy/types" "^2.10.1"
  
  "@smithy/shared-ini-file-loader@^2.3.3", "@smithy/shared-ini-file-loader@^2.3.4":
    "integrity" "sha512-CiZmPg9GeDKbKmJGEFvJBsJcFnh0AQRzOtQAzj1XEa8N/0/uSN/v1LYzgO7ry8hhO8+9KB7+DhSW0weqBra4Aw=="
    "resolved" "https://registry.npmjs.org/@smithy/shared-ini-file-loader/-/shared-ini-file-loader-2.3.4.tgz"
    "version" "2.3.4"
    dependencies:
      "@smithy/types" "^2.10.1"
      "tslib" "^2.5.0"
  
  "@smithy/signature-v4@^2.1.3":
    "integrity" "sha512-Jq4iPPdCmJojZTsPePn4r1ULShh6ONkokLuxp1Lnk4Sq7r7rJp4HlA1LbPBq4bD64TIzQezIpr1X+eh5NYkNxw=="
    "resolved" "https://registry.npmjs.org/@smithy/signature-v4/-/signature-v4-2.1.3.tgz"
    "version" "2.1.3"
    dependencies:
      "@smithy/eventstream-codec" "^2.1.3"
      "@smithy/is-array-buffer" "^2.1.1"
      "@smithy/types" "^2.10.1"
      "@smithy/util-hex-encoding" "^2.1.1"
      "@smithy/util-middleware" "^2.1.3"
      "@smithy/util-uri-escape" "^2.1.1"
      "@smithy/util-utf8" "^2.1.1"
      "tslib" "^2.5.0"
  
  "@smithy/smithy-client@^2.4.2":
    "integrity" "sha512-ntAFYN51zu3N3mCd95YFcFi/8rmvm//uX+HnK24CRbI6k5Rjackn0JhgKz5zOx/tbNvOpgQIwhSX+1EvEsBLbA=="
    "resolved" "https://registry.npmjs.org/@smithy/smithy-client/-/smithy-client-2.4.2.tgz"
    "version" "2.4.2"
    dependencies:
      "@smithy/middleware-endpoint" "^2.4.4"
      "@smithy/middleware-stack" "^2.1.3"
      "@smithy/protocol-http" "^3.2.1"
      "@smithy/types" "^2.10.1"
      "@smithy/util-stream" "^2.1.3"
      "tslib" "^2.5.0"
  
  "@smithy/types@^2.10.1":
    "integrity" "sha512-hjQO+4ru4cQ58FluQvKKiyMsFg0A6iRpGm2kqdH8fniyNd2WyanoOsYJfMX/IFLuLxEoW6gnRkNZy1y6fUUhtA=="
    "resolved" "https://registry.npmjs.org/@smithy/types/-/types-2.10.1.tgz"
    "version" "2.10.1"
    dependencies:
      "tslib" "^2.5.0"
  
  "@smithy/url-parser@^2.1.3":
    "integrity" "sha512-X1NRA4WzK/ihgyzTpeGvI9Wn45y8HmqF4AZ/FazwAv8V203Ex+4lXqcYI70naX9ETqbqKVzFk88W6WJJzCggTQ=="
    "resolved" "https://registry.npmjs.org/@smithy/url-parser/-/url-parser-2.1.3.tgz"
    "version" "2.1.3"
    dependencies:
      "@smithy/querystring-parser" "^2.1.3"
      "@smithy/types" "^2.10.1"
      "tslib" "^2.5.0"
  
  "@smithy/util-base64@^2.1.1":
    "integrity" "sha512-UfHVpY7qfF/MrgndI5PexSKVTxSZIdz9InghTFa49QOvuu9I52zLPLUHXvHpNuMb1iD2vmc6R+zbv/bdMipR/g=="
    "resolved" "https://registry.npmjs.org/@smithy/util-base64/-/util-base64-2.1.1.tgz"
    "version" "2.1.1"
    dependencies:
      "@smithy/util-buffer-from" "^2.1.1"
      "tslib" "^2.5.0"
  
  "@smithy/util-body-length-browser@^2.1.1":
    "integrity" "sha512-ekOGBLvs1VS2d1zM2ER4JEeBWAvIOUKeaFch29UjjJsxmZ/f0L3K3x0dEETgh3Q9bkZNHgT+rkdl/J/VUqSRag=="
    "resolved" "https://registry.npmjs.org/@smithy/util-body-length-browser/-/util-body-length-browser-2.1.1.tgz"
    "version" "2.1.1"
    dependencies:
      "tslib" "^2.5.0"
  
  "@smithy/util-body-length-node@^2.2.1":
    "integrity" "sha512-/ggJG+ta3IDtpNVq4ktmEUtOkH1LW64RHB5B0hcr5ZaWBmo96UX2cIOVbjCqqDickTXqBWZ4ZO0APuaPrD7Abg=="
    "resolved" "https://registry.npmjs.org/@smithy/util-body-length-node/-/util-body-length-node-2.2.1.tgz"
    "version" "2.2.1"
    dependencies:
      "tslib" "^2.5.0"
  
  "@smithy/util-buffer-from@^2.1.1":
    "integrity" "sha512-clhNjbyfqIv9Md2Mg6FffGVrJxw7bgK7s3Iax36xnfVj6cg0fUG7I4RH0XgXJF8bxi+saY5HR21g2UPKSxVCXg=="
    "resolved" "https://registry.npmjs.org/@smithy/util-buffer-from/-/util-buffer-from-2.1.1.tgz"
    "version" "2.1.1"
    dependencies:
      "@smithy/is-array-buffer" "^2.1.1"
      "tslib" "^2.5.0"
  
  "@smithy/util-config-provider@^2.2.1":
    "integrity" "sha512-50VL/tx9oYYcjJn/qKqNy7sCtpD0+s8XEBamIFo4mFFTclKMNp+rsnymD796uybjiIquB7VCB/DeafduL0y2kw=="
    "resolved" "https://registry.npmjs.org/@smithy/util-config-provider/-/util-config-provider-2.2.1.tgz"
    "version" "2.2.1"
    dependencies:
      "tslib" "^2.5.0"
  
  "@smithy/util-defaults-mode-browser@^2.1.4":
    "integrity" "sha512-J6XAVY+/g7jf03QMnvqPyU+8jqGrrtXoKWFVOS+n1sz0Lg8HjHJ1ANqaDN+KTTKZRZlvG8nU5ZrJOUL6VdwgcQ=="
    "resolved" "https://registry.npmjs.org/@smithy/util-defaults-mode-browser/-/util-defaults-mode-browser-2.1.4.tgz"
    "version" "2.1.4"
    dependencies:
      "@smithy/property-provider" "^2.1.3"
      "@smithy/smithy-client" "^2.4.2"
      "@smithy/types" "^2.10.1"
      "bowser" "^2.11.0"
      "tslib" "^2.5.0"
  
  "@smithy/util-defaults-mode-node@^2.2.3":
    "integrity" "sha512-ttUISrv1uVOjTlDa3nznX33f0pthoUlP+4grhTvOzcLhzArx8qHB94/untGACOG3nlf8vU20nI2iWImfzoLkYA=="
    "resolved" "https://registry.npmjs.org/@smithy/util-defaults-mode-node/-/util-defaults-mode-node-2.2.3.tgz"
    "version" "2.2.3"
    dependencies:
      "@smithy/config-resolver" "^2.1.4"
      "@smithy/credential-provider-imds" "^2.2.4"
      "@smithy/node-config-provider" "^2.2.4"
      "@smithy/property-provider" "^2.1.3"
      "@smithy/smithy-client" "^2.4.2"
      "@smithy/types" "^2.10.1"
      "tslib" "^2.5.0"
  
  "@smithy/util-endpoints@^1.1.4":
    "integrity" "sha512-/qAeHmK5l4yQ4/bCIJ9p49wDe9rwWtOzhPHblu386fwPNT3pxmodgcs9jDCV52yK9b4rB8o9Sj31P/7Vzka1cg=="
    "resolved" "https://registry.npmjs.org/@smithy/util-endpoints/-/util-endpoints-1.1.4.tgz"
    "version" "1.1.4"
    dependencies:
      "@smithy/node-config-provider" "^2.2.4"
      "@smithy/types" "^2.10.1"
      "tslib" "^2.5.0"
  
  "@smithy/util-hex-encoding@^2.1.1":
    "integrity" "sha512-3UNdP2pkYUUBGEXzQI9ODTDK+Tcu1BlCyDBaRHwyxhA+8xLP8agEKQq4MGmpjqb4VQAjq9TwlCQX0kP6XDKYLg=="
    "resolved" "https://registry.npmjs.org/@smithy/util-hex-encoding/-/util-hex-encoding-2.1.1.tgz"
    "version" "2.1.1"
    dependencies:
      "tslib" "^2.5.0"
  
  "@smithy/util-middleware@^2.1.3":
    "integrity" "sha512-/+2fm7AZ2ozl5h8wM++ZP0ovE9/tiUUAHIbCfGfb3Zd3+Dyk17WODPKXBeJ/TnK5U+x743QmA0xHzlSm8I/qhw=="
    "resolved" "https://registry.npmjs.org/@smithy/util-middleware/-/util-middleware-2.1.3.tgz"
    "version" "2.1.3"
    dependencies:
      "@smithy/types" "^2.10.1"
      "tslib" "^2.5.0"
  
  "@smithy/util-retry@^2.1.3":
    "integrity" "sha512-Kbvd+GEMuozbNUU3B89mb99tbufwREcyx2BOX0X2+qHjq6Gvsah8xSDDgxISDwcOHoDqUWO425F0Uc/QIRhYkg=="
    "resolved" "https://registry.npmjs.org/@smithy/util-retry/-/util-retry-2.1.3.tgz"
    "version" "2.1.3"
    dependencies:
      "@smithy/service-error-classification" "^2.1.3"
      "@smithy/types" "^2.10.1"
      "tslib" "^2.5.0"
  
  "@smithy/util-stream@^2.1.3":
    "integrity" "sha512-HvpEQbP8raTy9n86ZfXiAkf3ezp1c3qeeO//zGqwZdrfaoOpGKQgF2Sv1IqZp7wjhna7pvczWaGUHjcOPuQwKw=="
    "resolved" "https://registry.npmjs.org/@smithy/util-stream/-/util-stream-2.1.3.tgz"
    "version" "2.1.3"
    dependencies:
      "@smithy/fetch-http-handler" "^2.4.3"
      "@smithy/node-http-handler" "^2.4.1"
      "@smithy/types" "^2.10.1"
      "@smithy/util-base64" "^2.1.1"
      "@smithy/util-buffer-from" "^2.1.1"
      "@smithy/util-hex-encoding" "^2.1.1"
      "@smithy/util-utf8" "^2.1.1"
      "tslib" "^2.5.0"
  
  "@smithy/util-uri-escape@^2.1.1":
    "integrity" "sha512-saVzI1h6iRBUVSqtnlOnc9ssU09ypo7n+shdQ8hBTZno/9rZ3AuRYvoHInV57VF7Qn7B+pFJG7qTzFiHxWlWBw=="
    "resolved" "https://registry.npmjs.org/@smithy/util-uri-escape/-/util-uri-escape-2.1.1.tgz"
    "version" "2.1.1"
    dependencies:
      "tslib" "^2.5.0"
  
  "@smithy/util-utf8@^2.1.1":
    "integrity" "sha512-BqTpzYEcUMDwAKr7/mVRUtHDhs6ZoXDi9NypMvMfOr/+u1NW7JgqodPDECiiLboEm6bobcPcECxzjtQh865e9A=="
    "resolved" "https://registry.npmjs.org/@smithy/util-utf8/-/util-utf8-2.1.1.tgz"
    "version" "2.1.1"
    dependencies:
      "@smithy/util-buffer-from" "^2.1.1"
      "tslib" "^2.5.0"
  
  "@types/node@*":
    "integrity" "sha512-Kza43ewS3xoLgCEpQrsT+xRo/EJej1y0kVYGiLFE1NEODXGzTfwiC6tXTLMQskn1X4/Rjlh0MQUvx9W+L9long=="
    "resolved" "https://registry.npmjs.org/@types/node/-/node-20.11.24.tgz"
    "version" "20.11.24"
    dependencies:
      "undici-types" "~5.26.4"
  
  "@types/webidl-conversions@*":
    "integrity" "sha512-CiJJvcRtIgzadHCYXw7dqEnMNRjhGZlYK05Mj9OyktqV8uVT8fD2BFOB7S1uwBE3Kj2Z+4UyPmFw/Ixgw/LAlA=="
    "resolved" "https://registry.npmjs.org/@types/webidl-conversions/-/webidl-conversions-7.0.3.tgz"
    "version" "7.0.3"
  
  "@types/whatwg-url@^11.0.2":
    "integrity" "sha512-lXCmTWSHJvf0TRSO58nm978b8HJ/EdsSsEKLd3ODHFjo+3VGAyyTp4v50nWvwtzBxSMQrVOK7tcuN0zGPLICMw=="
    "resolved" "https://registry.npmjs.org/@types/whatwg-url/-/whatwg-url-11.0.4.tgz"
    "version" "11.0.4"
    dependencies:
      "@types/webidl-conversions" "*"
  
  "@types/whatwg-url@^8.2.1":
    "integrity" "sha512-FtQu10RWgn3D9U4aazdwIE2yzphmTJREDqNdODHrbrZmmMqI0vMheC/6NE/J1Yveaj8H+ela+YwWTjq5PGmuhA=="
    "resolved" "https://registry.npmjs.org/@types/whatwg-url/-/whatwg-url-8.2.2.tgz"
    "version" "8.2.2"
    dependencies:
      "@types/node" "*"
      "@types/webidl-conversions" "*"
  
  "abbrev@1":
    "integrity" "sha512-nne9/IiQ/hzIhY6pdDnbBtz7DjPTKrY00P/zvPSm5pOFkl6xuGrGnXn/VtTNNfNtAfZ9/1RtehkszU9qcTii0Q=="
    "resolved" "https://registry.npmjs.org/abbrev/-/abbrev-1.1.1.tgz"
    "version" "1.1.1"
  
  "abort-controller@^3.0.0":
    "integrity" "sha512-h8lQ8tacZYnR3vNQTgibj+tODHI5/+l06Au2Pcriv/Gmet0eaj4TwWH41sO9wnHDiQsEj19q0drzdWdeAHtweg=="
    "resolved" "https://registry.npmjs.org/abort-controller/-/abort-controller-3.0.0.tgz"
    "version" "3.0.0"
    dependencies:
      "event-target-shim" "^5.0.0"
  
  "abstract-logging@^2.0.1":
    "integrity" "sha512-2BjRTZxTPvheOvGbBslFSYOUkr+SjPtOnrLP33f+VIWLzezQpZcqVg7ja3L4dBXmzzgwT+a029jRx5PCi3JuiA=="
    "resolved" "https://registry.npmjs.org/abstract-logging/-/abstract-logging-2.0.1.tgz"
    "version" "2.0.1"
  
  "ajv-formats@^2.1.1":
    "integrity" "sha512-Wx0Kx52hxE7C18hkMEggYlEifqWZtYaRgouJor+WMdPnQyEK13vgEWyVNup7SoeeoLMsr4kf5h6dOW11I15MUA=="
    "resolved" "https://registry.npmjs.org/ajv-formats/-/ajv-formats-2.1.1.tgz"
    "version" "2.1.1"
    dependencies:
      "ajv" "^8.0.0"
  
  "ajv@^8.0.0", "ajv@^8.10.0", "ajv@^8.11.0":
    "integrity" "sha512-sRu1kpcO9yLtYxBKvqfTeh9KzZEwO3STyX1HT+4CaDzC6HpTGYhIhPIzj9XuKU7KYDwnaeh5hcOwjy1QuJzBPA=="
    "resolved" "https://registry.npmjs.org/ajv/-/ajv-8.12.0.tgz"
    "version" "8.12.0"
    dependencies:
      "fast-deep-equal" "^3.1.1"
      "json-schema-traverse" "^1.0.0"
      "require-from-string" "^2.0.2"
      "uri-js" "^4.2.2"
  
  "anymatch@~3.1.2":
    "integrity" "sha512-KMReFUr0B4t+D+OBkjR3KYqvocp2XaSzO55UcB6mgQMd3KbcE+mWTyvVV7D/zsdEbNnV6acZUutkiHQXvTr1Rw=="
    "resolved" "https://registry.npmjs.org/anymatch/-/anymatch-3.1.3.tgz"
    "version" "3.1.3"
    dependencies:
      "normalize-path" "^3.0.0"
      "picomatch" "^2.0.4"
  
  "archy@^1.0.0":
    "integrity" "sha512-Xg+9RwCg/0p32teKdGMPTPnVXKD0w3DfHnFTficozsAgsvq2XenPJq/MYpzzQ/v8zrOyJn6Ds39VA4JIDwFfqw=="
    "resolved" "https://registry.npmjs.org/archy/-/archy-1.0.0.tgz"
    "version" "1.0.0"
  
  "atomic-sleep@^1.0.0":
    "integrity" "sha512-kNOjDqAh7px0XWNI+4QbzoiR/nTkHAWNud2uvnJquD1/x5a7EQZMJT0AczqK0Qn67oY/TTQ1LbUKajZpp3I9tQ=="
    "resolved" "https://registry.npmjs.org/atomic-sleep/-/atomic-sleep-1.0.0.tgz"
    "version" "1.0.0"
  
  "avvio@^8.3.0":
    "integrity" "sha512-VBVH0jubFr9LdFASy/vNtm5giTrnbVquWBhT0fyizuNK2rQ7e7ONU2plZQWUNqtE1EmxFEb+kbSkFRkstiaS9Q=="
    "resolved" "https://registry.npmjs.org/avvio/-/avvio-8.3.0.tgz"
    "version" "8.3.0"
    dependencies:
      "@fastify/error" "^3.3.0"
      "archy" "^1.0.0"
      "debug" "^4.0.0"
      "fastq" "^1.17.1"
  
  "balanced-match@^1.0.0":
    "integrity" "sha512-3oSeUO0TMV67hN1AmbXsK4yaqU7tjiHlbxRDZOpH0KW9+CeX4bRAaX0Anxt0tx2MrpRpWwQaPwIlISEJhYU5Pw=="
    "resolved" "https://registry.npmjs.org/balanced-match/-/balanced-match-1.0.2.tgz"
    "version" "1.0.2"
  
  "base64-js@^1.3.1":
    "integrity" "sha512-AKpaYlHn8t4SVbOHCy+b5+KKgvR4vrsD8vbvrbiQJps7fKDTkjkDry6ji0rUJjC0kzbNePLwzxq8iypo41qeWA=="
    "resolved" "https://registry.npmjs.org/base64-js/-/base64-js-1.5.1.tgz"
    "version" "1.5.1"
  
  "binary-extensions@^2.0.0":
    "integrity" "sha512-jDctJ/IVQbZoJykoeHbhXpOlNBqGNcwXJKJog42E5HDPUwQTSdjCHdihjj0DlnheQ7blbT6dHOafNAiS8ooQKA=="
    "resolved" "https://registry.npmjs.org/binary-extensions/-/binary-extensions-2.2.0.tgz"
    "version" "2.2.0"
  
  "bowser@^2.11.0":
    "integrity" "sha512-AlcaJBi/pqqJBIQ8U9Mcpc9i8Aqxn88Skv5d+xBX006BY5u8N3mGLHa5Lgppa7L/HfwgwLgZ6NYs+Ag6uUmJRA=="
    "resolved" "https://registry.npmjs.org/bowser/-/bowser-2.11.0.tgz"
    "version" "2.11.0"
  
  "brace-expansion@^1.1.7":
    "integrity" "sha512-iCuPHDFgrHX7H2vEI/5xpz07zSHB00TpugqhmYtVmMO6518mCuRMoOYFldEBl0g187ufozdaHgWKcYFb61qGiA=="
    "resolved" "https://registry.npmjs.org/brace-expansion/-/brace-expansion-1.1.11.tgz"
    "version" "1.1.11"
    dependencies:
      "balanced-match" "^1.0.0"
      "concat-map" "0.0.1"
  
  "braces@~3.0.2":
    "integrity" "sha512-b8um+L1RzM3WDSzvhm6gIz1yfTbBt6YTlcEKAvsmqCZZFw46z626lVj9j1yEPW33H5H+lBQpZMP1k8l+78Ha0A=="
    "resolved" "https://registry.npmjs.org/braces/-/braces-3.0.2.tgz"
    "version" "3.0.2"
    dependencies:
      "fill-range" "^7.0.1"
  
  "bson@^4.7.2":
    "integrity" "sha512-Ry9wCtIZ5kGqkJoi6aD8KjxFZEx78guTQDnpXWiNthsxzrxAK/i8E6pCHAIZTbaEFWcOCvbecMukfK7XUvyLpQ=="
    "resolved" "https://registry.npmjs.org/bson/-/bson-4.7.2.tgz"
    "version" "4.7.2"
    dependencies:
      "buffer" "^5.6.0"
  
  "bson@^5.0.0":
    "integrity" "sha512-ix0EwukN2EpC0SRWIj/7B5+A6uQMQy6KMREI9qQqvgpkV2frH63T0UDVd1SYedL6dNCmDBYB3QtXi4ISk9YT+g=="
    "resolved" "https://registry.npmjs.org/bson/-/bson-5.5.1.tgz"
    "version" "5.5.1"
  
  "bson@^6.4.0":
    "integrity" "sha512-6/gSSEdbkuFlSb+ufj5jUSU4+wo8xQOwm2bDSqwmxiPE17JTpsP63eAwoN8iF8Oy4gJYj+PAL3zdRCTdaw5Y1g=="
    "resolved" "https://registry.npmjs.org/bson/-/bson-6.4.0.tgz"
    "version" "6.4.0"
  
  "buffer@^5.6.0":
    "integrity" "sha512-EHcyIPBQ4BSGlvjB16k5KgAJ27CIsHY/2JBmCRReo48y9rQ3MaUzWX3KVlBa4U7MyX02HdVj0K7C3WaB3ju7FQ=="
    "resolved" "https://registry.npmjs.org/buffer/-/buffer-5.7.1.tgz"
    "version" "5.7.1"
    dependencies:
      "base64-js" "^1.3.1"
      "ieee754" "^1.1.13"
  
  "buffer@^6.0.3":
    "integrity" "sha512-FTiCpNxtwiZZHEZbcbTIcZjERVICn9yq/pDFkTl95/AxzD1naBctN7YO68riM/gLSDY7sdrMby8hofADYuuqOA=="
    "resolved" "https://registry.npmjs.org/buffer/-/buffer-6.0.3.tgz"
    "version" "6.0.3"
    dependencies:
      "base64-js" "^1.3.1"
      "ieee754" "^1.2.1"
  
  "chokidar@^3.5.2":
    "integrity" "sha512-7VT13fmjotKpGipCW9JEQAusEPE+Ei8nl6/g4FBAmIm0GOOLMua9NDDo/DWp0ZAxCr3cPq5ZpBqmPAQgDda2Pw=="
    "resolved" "https://registry.npmjs.org/chokidar/-/chokidar-3.6.0.tgz"
    "version" "3.6.0"
    dependencies:
      "anymatch" "~3.1.2"
      "braces" "~3.0.2"
      "glob-parent" "~5.1.2"
      "is-binary-path" "~2.1.0"
      "is-glob" "~4.0.1"
      "normalize-path" "~3.0.0"
      "readdirp" "~3.6.0"
    optionalDependencies:
      "fsevents" "~2.3.2"
  
  "concat-map@0.0.1":
    "integrity" "sha512-/Srv4dswyQNBfohGpz9o6Yb3Gz3SrUDqBH5rTuhGR7ahtlbYKnVxw2bCFMRljaA7EXHaXZ8wsHdodFvbkhKmqg=="
    "resolved" "https://registry.npmjs.org/concat-map/-/concat-map-0.0.1.tgz"
    "version" "0.0.1"
  
  "cookie@^0.6.0":
    "integrity" "sha512-U71cyTamuh1CRNCfpGY6to28lxvNwPG4Guz/EVjgf3Jmzv0vlDp1atT9eS5dDjMYHucpHbWns6Lwf3BKz6svdw=="
    "resolved" "https://registry.npmjs.org/cookie/-/cookie-0.6.0.tgz"
    "version" "0.6.0"
  
  "cors@^2.8.5":
    "integrity" "sha512-KIHbLJqu73RGr/hnbrO9uBeixNGuvSQjul/jdFvS/KFSIH1hWVd1ng7zOHx+YrEfInLG7q4n6GHQ9cDtxv/P6g=="
    "resolved" "https://registry.npmjs.org/cors/-/cors-2.8.5.tgz"
    "version" "2.8.5"
    dependencies:
      "object-assign" "^4"
      "vary" "^1"
  
  "debug@^4", "debug@^4.0.0":
    "integrity" "sha512-PRWFHuSU3eDtQJPvnNY7Jcket1j0t5OuOsFzPPzsekD52Zl8qUfFIPEiswXqIvHWGVHOgX+7G/vCNNhehwxfkQ=="
    "resolved" "https://registry.npmjs.org/debug/-/debug-4.3.4.tgz"
    "version" "4.3.4"
    dependencies:
      "ms" "2.1.2"
  
  "dotenv@^16.4.5":
    "integrity" "sha512-ZmdL2rui+eB2YwhsWzjInR8LldtZHGDoQ1ugH85ppHKwpUHL7j7rN0Ti9NCnGiQbhaZ11FpR+7ao1dNsmduNUg=="
    "resolved" "https://registry.npmjs.org/dotenv/-/dotenv-16.4.5.tgz"
    "version" "16.4.5"
  
  "event-target-shim@^5.0.0":
    "integrity" "sha512-i/2XbnSz/uxRCU6+NdVJgKWDTM427+MqYbkQzD321DuCQJUqOuJKIA0IM2+W2xtYHdKOmZ4dR6fExsd4SXL+WQ=="
    "resolved" "https://registry.npmjs.org/event-target-shim/-/event-target-shim-5.0.1.tgz"
    "version" "5.0.1"
  
  "events@^3.3.0":
    "integrity" "sha512-mQw+2fkQbALzQ7V0MY0IqdnXNOeTtP4r0lN9z7AAawCXgqea7bDii20AYrIBrFd/Hx0M2Ocz6S111CaFkUcb0Q=="
    "resolved" "https://registry.npmjs.org/events/-/events-3.3.0.tgz"
    "version" "3.3.0"
  
  "fast-content-type-parse@^1.1.0":
    "integrity" "sha512-fBHHqSTFLVnR61C+gltJuE5GkVQMV0S2nqUO8TJ+5Z3qAKG8vAx4FKai1s5jq/inV1+sREynIWSuQ6HgoSXpDQ=="
    "resolved" "https://registry.npmjs.org/fast-content-type-parse/-/fast-content-type-parse-1.1.0.tgz"
    "version" "1.1.0"
  
  "fast-decode-uri-component@^1.0.1":
    "integrity" "sha512-WKgKWg5eUxvRZGwW8FvfbaH7AXSh2cL+3j5fMGzUMCxWBJ3dV3a7Wz8y2f/uQ0e3B6WmodD3oS54jTQ9HVTIIg=="
    "resolved" "https://registry.npmjs.org/fast-decode-uri-component/-/fast-decode-uri-component-1.0.1.tgz"
    "version" "1.0.1"
  
  "fast-deep-equal@^3.1.1", "fast-deep-equal@^3.1.3":
    "integrity" "sha512-f3qQ9oQy9j2AhBe/H9VC91wLmKBCCU/gDOnKNAYG5hswO7BLKj09Hc5HYNz9cGI++xlpDCIgDaitVs03ATR84Q=="
    "resolved" "https://registry.npmjs.org/fast-deep-equal/-/fast-deep-equal-3.1.3.tgz"
    "version" "3.1.3"
  
  "fast-json-stringify@^5.7.0", "fast-json-stringify@^5.8.0":
    "integrity" "sha512-7Nnm9UPa7SfHRbHVA1kJQrGXCRzB7LMlAAqHXQFkEQqueJm1V8owm0FsE/2Do55/4CcdhwiLQERaKomOnKQkyA=="
    "resolved" "https://registry.npmjs.org/fast-json-stringify/-/fast-json-stringify-5.12.0.tgz"
    "version" "5.12.0"
    dependencies:
      "@fastify/merge-json-schemas" "^0.1.0"
      "ajv" "^8.10.0"
      "ajv-formats" "^2.1.1"
      "fast-deep-equal" "^3.1.3"
      "fast-uri" "^2.1.0"
      "json-schema-ref-resolver" "^1.0.1"
      "rfdc" "^1.2.0"
  
  "fast-querystring@^1.0.0":
    "integrity" "sha512-g6KuKWmFXc0fID8WWH0jit4g0AGBoJhCkJMb1RmbsSEUNvQ+ZC8D6CUZ+GtF8nMzSPXnhiePyyqqipzNNEnHjg=="
    "resolved" "https://registry.npmjs.org/fast-querystring/-/fast-querystring-1.1.2.tgz"
    "version" "1.1.2"
    dependencies:
      "fast-decode-uri-component" "^1.0.1"
  
  "fast-redact@^3.1.1":
    "integrity" "sha512-6T5V1QK1u4oF+ATxs1lWUmlEk6P2T9HqJG3e2DnHOdVgZy2rFJBoEnrIedcTXlkAHU/zKC+7KETJ+KGGKwxgMQ=="
    "resolved" "https://registry.npmjs.org/fast-redact/-/fast-redact-3.3.0.tgz"
    "version" "3.3.0"
  
  "fast-uri@^2.0.0", "fast-uri@^2.1.0":
    "integrity" "sha512-eel5UKGn369gGEWOqBShmFJWfq/xSJvsgDzgLYC845GneayWvXBf0lJCBn5qTABfewy1ZDPoaR5OZCP+kssfuw=="
    "resolved" "https://registry.npmjs.org/fast-uri/-/fast-uri-2.3.0.tgz"
    "version" "2.3.0"
  
  "fast-xml-parser@4.2.5":
    "integrity" "sha512-B9/wizE4WngqQftFPmdaMYlXoJlJOYxGQOanC77fq9k8+Z0v5dDSVh+3glErdIROP//s/jgb7ZuxKfB8nVyo0g=="
    "resolved" "https://registry.npmjs.org/fast-xml-parser/-/fast-xml-parser-4.2.5.tgz"
    "version" "4.2.5"
    dependencies:
      "strnum" "^1.0.5"
  
  "fastify-cors-deprecated@npm:fastify-cors@6.0.3":
    "integrity" "sha512-fMbXubKKyBHHCfSBtsCi3+7VyVRdhJQmGes5gM+eGKkRErCdm0NaYO0ozd31BQBL1ycoTIjbqOZhJo4RTF/Vlg=="
    "resolved" "https://registry.npmjs.org/fastify-cors/-/fastify-cors-6.0.3.tgz"
    "version" "6.0.3"
    dependencies:
      "fastify-plugin" "^3.0.0"
      "vary" "^1.1.2"
  
  "fastify-cors@^6.1.0":
    "integrity" "sha512-QBKz32IoY/iuT74CunRY1XOSpjSTIOh9E3FxulXIBhd0D2vdgG0kDvy0eG6HA/88sRfWHeba43LkGEXPz0Rh8g=="
    "resolved" "https://registry.npmjs.org/fastify-cors/-/fastify-cors-6.1.0.tgz"
    "version" "6.1.0"
    dependencies:
      "fastify-cors-deprecated" "npm:fastify-cors@6.0.3"
      "process-warning" "^1.0.0"
  
  "fastify-mongodb-deprecated@npm:fastify-mongodb@4.1.1":
    "integrity" "sha512-0L1ix8eXI+U0Ojr0B50G49eagEz4RF1Z/pzSn9pkB3JRZlMItM31MmQReid65wJ58128IsgsTrSgCq+3YV5FQw=="
    "resolved" "https://registry.npmjs.org/fastify-mongodb/-/fastify-mongodb-4.1.1.tgz"
    "version" "4.1.1"
    dependencies:
      "fastify-plugin" "^3.0.0"
      "mongodb" "^4.0.1"
  
  "fastify-mongodb@^4.2.0":
    "integrity" "sha512-YpNWY8BdJJ/IFfOgo7BQq0iDtvgXetWnhzddglPcgjxjqntxTyi5C2ysJQ3arTcbRsJ+p/cyxh/x1COIxCg9OQ=="
    "resolved" "https://registry.npmjs.org/fastify-mongodb/-/fastify-mongodb-4.2.0.tgz"
    "version" "4.2.0"
    dependencies:
      "fastify-mongodb-deprecated" "npm:fastify-mongodb@4.1.1"
      "process-warning" "^1.0.0"
  
  "fastify-plugin@^3.0.0":
    "integrity" "sha512-qKcDXmuZadJqdTm6vlCqioEbyewF60b/0LOFCcYN1B6BIZGlYJumWWOYs70SFYLDAH4YqdE1cxH/RKMG7rFxgA=="
    "resolved" "https://registry.npmjs.org/fastify-plugin/-/fastify-plugin-3.0.1.tgz"
    "version" "3.0.1"
  
  "fastify-plugin@^4.0.0":
    "integrity" "sha512-stRHYGeuqpEZTL1Ef0Ovr2ltazUT9g844X5z/zEBFLG8RYlpDiOCIG+ATvYEp+/zmc7sN29mcIMp8gvYplYPIQ=="
    "resolved" "https://registry.npmjs.org/fastify-plugin/-/fastify-plugin-4.5.1.tgz"
    "version" "4.5.1"
  
  "fastify@^4.26.1":
    "integrity" "sha512-tznA/G55dsxzM5XChBfcvVSloG2ejeeotfPPJSFaWmHyCDVGMpvf3nRNbsCb/JTBF9RmQFBfuujWt3Nphjesng=="
    "resolved" "https://registry.npmjs.org/fastify/-/fastify-4.26.1.tgz"
    "version" "4.26.1"
    dependencies:
      "@fastify/ajv-compiler" "^3.5.0"
      "@fastify/error" "^3.4.0"
      "@fastify/fast-json-stringify-compiler" "^4.3.0"
      "abstract-logging" "^2.0.1"
      "avvio" "^8.3.0"
      "fast-content-type-parse" "^1.1.0"
      "fast-json-stringify" "^5.8.0"
      "find-my-way" "^8.0.0"
      "light-my-request" "^5.11.0"
      "pino" "^8.17.0"
      "process-warning" "^3.0.0"
      "proxy-addr" "^2.0.7"
      "rfdc" "^1.3.0"
      "secure-json-parse" "^2.7.0"
      "semver" "^7.5.4"
      "toad-cache" "^3.3.0"
  
  "fastq@^1.17.1":
    "integrity" "sha512-sRVD3lWVIXWg6By68ZN7vho9a1pQcN/WBFaAAsDDFzlJjvoGx0P8z7V1t72grFJfJhu3YPZBuu25f7Kaw2jN1w=="
    "resolved" "https://registry.npmjs.org/fastq/-/fastq-1.17.1.tgz"
    "version" "1.17.1"
    dependencies:
      "reusify" "^1.0.4"
  
  "fill-range@^7.0.1":
    "integrity" "sha512-qOo9F+dMUmC2Lcb4BbVvnKJxTPjCm+RRpe4gDuGrzkL7mEVl/djYSu2OdQ2Pa302N4oqkSg9ir6jaLWJ2USVpQ=="
    "resolved" "https://registry.npmjs.org/fill-range/-/fill-range-7.0.1.tgz"
    "version" "7.0.1"
    dependencies:
      "to-regex-range" "^5.0.1"
  
  "find-my-way@^8.0.0":
    "integrity" "sha512-41QwjCGcVTODUmLLqTMeoHeiozbMXYMAE1CKFiDyi9zVZ2Vjh0yz3MF0WQZoIb+cmzP/XlbFjlF2NtJmvZHznA=="
    "resolved" "https://registry.npmjs.org/find-my-way/-/find-my-way-8.1.0.tgz"
    "version" "8.1.0"
    dependencies:
      "fast-deep-equal" "^3.1.3"
      "fast-querystring" "^1.0.0"
      "safe-regex2" "^2.0.0"
  
  "forwarded@0.2.0":
    "integrity" "sha512-buRG0fpBtRHSTCOASe6hD258tEubFoRLb4ZNA6NxMVHNw2gOcwHo9wyablzMzOA5z9xA9L1KNjk/Nt6MT9aYow=="
    "resolved" "https://registry.npmjs.org/forwarded/-/forwarded-0.2.0.tgz"
    "version" "0.2.0"
  
  "glob-parent@~5.1.2":
    "integrity" "sha512-AOIgSQCepiJYwP3ARnGx+5VnTu2HBYdzbGP45eLw1vr3zB3vZLeyed1sC9hnbcOc9/SrMyM5RPQrkGz4aS9Zow=="
    "resolved" "https://registry.npmjs.org/glob-parent/-/glob-parent-5.1.2.tgz"
    "version" "5.1.2"
    dependencies:
      "is-glob" "^4.0.1"
  
  "has-flag@^3.0.0":
    "integrity" "sha512-sKJf1+ceQBr4SMkvQnBDNDtf4TXpVhVGateu0t918bl30FnbE2m4vNLX+VWe/dpjlb+HugGYzW7uQXH98HPEYw=="
    "resolved" "https://registry.npmjs.org/has-flag/-/has-flag-3.0.0.tgz"
    "version" "3.0.0"
  
  "ieee754@^1.1.13", "ieee754@^1.2.1":
    "integrity" "sha512-dcyqhDvX1C46lXZcVqCpK+FtMRQVdIMN6/Df5js2zouUsqG7I6sFxitIC+7KYK29KdXOLHdu9zL4sFnoVQnqaA=="
    "resolved" "https://registry.npmjs.org/ieee754/-/ieee754-1.2.1.tgz"
    "version" "1.2.1"
  
  "ignore-by-default@^1.0.1":
    "integrity" "sha512-Ius2VYcGNk7T90CppJqcIkS5ooHUZyIQK+ClZfMfMNFEF9VSE73Fq+906u/CWu92x4gzZMWOwfFYckPObzdEbA=="
    "resolved" "https://registry.npmjs.org/ignore-by-default/-/ignore-by-default-1.0.1.tgz"
    "version" "1.0.1"
  
  "ip-address@^9.0.5":
    "integrity" "sha512-zHtQzGojZXTwZTHQqra+ETKd4Sn3vgi7uBmlPoXVWZqYvuKmtI0l/VZTjqGmJY9x88GGOaZ9+G9ES8hC4T4X8g=="
    "resolved" "https://registry.npmjs.org/ip-address/-/ip-address-9.0.5.tgz"
    "version" "9.0.5"
    dependencies:
      "jsbn" "1.1.0"
      "sprintf-js" "^1.1.3"
  
  "ipaddr.js@1.9.1":
    "integrity" "sha512-0KI/607xoxSToH7GjN1FfSbLoU0+btTicjsQSWQlh/hZykN8KpmMf7uYwPW3R+akZ6R/w18ZlXSHBYXiYUPO3g=="
    "resolved" "https://registry.npmjs.org/ipaddr.js/-/ipaddr.js-1.9.1.tgz"
    "version" "1.9.1"
  
  "is-binary-path@~2.1.0":
    "integrity" "sha512-ZMERYes6pDydyuGidse7OsHxtbI7WVeUEozgR/g7rd0xUimYNlvZRE/K2MgZTjWy725IfelLeVcEM97mmtRGXw=="
    "resolved" "https://registry.npmjs.org/is-binary-path/-/is-binary-path-2.1.0.tgz"
    "version" "2.1.0"
    dependencies:
      "binary-extensions" "^2.0.0"
  
  "is-extglob@^2.1.1":
    "integrity" "sha512-SbKbANkN603Vi4jEZv49LeVJMn4yGwsbzZworEoyEiutsN3nJYdbO36zfhGJ6QEDpOZIFkDtnq5JRxmvl3jsoQ=="
    "resolved" "https://registry.npmjs.org/is-extglob/-/is-extglob-2.1.1.tgz"
    "version" "2.1.1"
  
  "is-glob@^4.0.1", "is-glob@~4.0.1":
    "integrity" "sha512-xelSayHH36ZgE7ZWhli7pW34hNbNl8Ojv5KVmkJD4hBdD3th8Tfk9vYasLM+mXWOZhFkgZfxhLSnrwRr4elSSg=="
    "resolved" "https://registry.npmjs.org/is-glob/-/is-glob-4.0.3.tgz"
    "version" "4.0.3"
    dependencies:
      "is-extglob" "^2.1.1"
  
  "is-number@^7.0.0":
    "integrity" "sha512-41Cifkg6e8TylSpdtTpeLVMqvSBEVzTttHvERD741+pnZ8ANv0004MRL43QKPDlK9cGvNp6NZWZUBlbGXYxxng=="
    "resolved" "https://registry.npmjs.org/is-number/-/is-number-7.0.0.tgz"
    "version" "7.0.0"
  
  "jsbn@1.1.0":
    "integrity" "sha512-4bYVV3aAMtDTTu4+xsDYa6sy9GyJ69/amsu9sYF2zqjiEoZA5xJi3BrfX3uY+/IekIu7MwdObdbDWpoZdBv3/A=="
    "resolved" "https://registry.npmjs.org/jsbn/-/jsbn-1.1.0.tgz"
    "version" "1.1.0"
  
  "json-schema-ref-resolver@^1.0.1":
    "integrity" "sha512-EJAj1pgHc1hxF6vo2Z3s69fMjO1INq6eGHXZ8Z6wCQeldCuwxGK9Sxf4/cScGn3FZubCVUehfWtcDM/PLteCQw=="
    "resolved" "https://registry.npmjs.org/json-schema-ref-resolver/-/json-schema-ref-resolver-1.0.1.tgz"
    "version" "1.0.1"
    dependencies:
      "fast-deep-equal" "^3.1.3"
  
  "json-schema-traverse@^1.0.0":
    "integrity" "sha512-NM8/P9n3XjXhIZn1lLhkFaACTOURQXjWhV4BA/RnOv8xvgqtqpAX9IO4mRQxSx1Rlo4tqzeqb0sOlruaOy3dug=="
    "resolved" "https://registry.npmjs.org/json-schema-traverse/-/json-schema-traverse-1.0.0.tgz"
    "version" "1.0.0"
  
  "light-my-request@^5.11.0":
    "integrity" "sha512-KXAh2m6VRlkWCk2KfmHE7tLBXKh30JE0tXUJY4dNxje4oLmPKUqlUfImiEQZLphx+Z9KTQcVv4DjGnJxkVOIbA=="
    "resolved" "https://registry.npmjs.org/light-my-request/-/light-my-request-5.11.1.tgz"
    "version" "5.11.1"
    dependencies:
      "cookie" "^0.6.0"
      "process-warning" "^2.0.0"
      "set-cookie-parser" "^2.4.1"
  
  "lru-cache@^6.0.0":
    "integrity" "sha512-Jo6dJ04CmSjuznwJSS3pUeWmd/H0ffTlkXXgwZi+eq1UCmqQwCh+eLsYOYCwY991i2Fah4h1BEMCx4qThGbsiA=="
    "resolved" "https://registry.npmjs.org/lru-cache/-/lru-cache-6.0.0.tgz"
    "version" "6.0.0"
    dependencies:
      "yallist" "^4.0.0"
  
  "memory-pager@^1.0.2":
    "integrity" "sha512-ZS4Bp4r/Zoeq6+NLJpP+0Zzm0pR8whtGPf1XExKLJBAczGMnSi3It14OiNCStjQjM6NU1okjQGSxgEZN8eBYKg=="
    "resolved" "https://registry.npmjs.org/memory-pager/-/memory-pager-1.5.0.tgz"
    "version" "1.5.0"
  
  "minimatch@^3.1.2":
    "integrity" "sha512-J7p63hRiAjw1NDEww1W7i37+ByIrOWO5XQQAzZ3VOcL0PNybwpfmV/N05zFAzwQ9USyEcX6t3UO+K5aqBQOIHw=="
    "resolved" "https://registry.npmjs.org/minimatch/-/minimatch-3.1.2.tgz"
    "version" "3.1.2"
    dependencies:
      "brace-expansion" "^1.1.7"
  
  "mongodb-connection-string-url@^2.6.0":
    "integrity" "sha512-WvTZlI9ab0QYtTYnuMLgobULWhokRjtC7db9LtcVfJ+Hsnyr5eo6ZtNAt3Ly24XZScGMelOcGtm7lSn0332tPQ=="
    "resolved" "https://registry.npmjs.org/mongodb-connection-string-url/-/mongodb-connection-string-url-2.6.0.tgz"
    "version" "2.6.0"
    dependencies:
      "@types/whatwg-url" "^8.2.1"
      "whatwg-url" "^11.0.0"
  
  "mongodb-connection-string-url@^3.0.0":
    "integrity" "sha512-t1Vf+m1I5hC2M5RJx/7AtxgABy1cZmIPQRMXw+gEIPn/cZNF3Oiy+l0UIypUwVB5trcWHq3crg2g3uAR9aAwsQ=="
    "resolved" "https://registry.npmjs.org/mongodb-connection-string-url/-/mongodb-connection-string-url-3.0.0.tgz"
    "version" "3.0.0"
    dependencies:
      "@types/whatwg-url" "^11.0.2"
      "whatwg-url" "^13.0.0"
  
  "mongodb@^4.0.1":
    "integrity" "sha512-mLV7SEiov2LHleRJPMPrK2PMyhXFZt2UQLC4VD4pnth3jMjYKHhtqfwwkkvS/NXuo/Fp3vbhaNcXrIDaLRb9Tg=="
    "resolved" "https://registry.npmjs.org/mongodb/-/mongodb-4.17.2.tgz"
    "version" "4.17.2"
    dependencies:
      "bson" "^4.7.2"
      "mongodb-connection-string-url" "^2.6.0"
      "socks" "^2.7.1"
    optionalDependencies:
      "@aws-sdk/credential-providers" "^3.186.0"
      "@mongodb-js/saslprep" "^1.1.0"
  
  "mongodb@^5.0.0":
    "integrity" "sha512-WHmlbefKp/iAX2LlSZ56iKt4pRftib/dD3mDaji8R7IJcRoKPc5+/kSn3mIBxKPLVxcl73KdDKBLkQTxj1OjaA=="
    "resolved" "https://registry.npmjs.org/mongodb/-/mongodb-5.0.0.tgz"
    "version" "5.0.0"
    dependencies:
      "bson" "^5.0.0"
      "mongodb-connection-string-url" "^2.6.0"
      "socks" "^2.7.1"
    optionalDependencies:
      "saslprep" "^1.0.3"
  
  "mongodb@^6.0.0":
    "integrity" "sha512-MdFHsyb1a/Ee0H3NmzWTSLqchacDV/APF0H6BNQvraWrOiIocys2EmTFZPgHxWhcfO94c1F34I9MACU7x0hHKA=="
    "resolved" "https://registry.npmjs.org/mongodb/-/mongodb-6.4.0.tgz"
    "version" "6.4.0"
    dependencies:
      "@mongodb-js/saslprep" "^1.1.0"
      "bson" "^6.4.0"
      "mongodb-connection-string-url" "^3.0.0"
  
  "ms@2.1.2":
    "integrity" "sha512-sGkPx+VjMtmA6MX27oA4FBFELFCZZ4S4XqeGOXCv68tT+jb3vk/RyaKWP0PTKyWtmLSM0b+adUTEvbs1PEaH2w=="
    "resolved" "https://registry.npmjs.org/ms/-/ms-2.1.2.tgz"
    "version" "2.1.2"
  
  "nodemon@^3.1.0":
    "integrity" "sha512-xqlktYlDMCepBJd43ZQhjWwMw2obW/JRvkrLxq5RCNcuDDX1DbcPT+qT1IlIIdf+DhnWs90JpTMe+Y5KxOchvA=="
    "resolved" "https://registry.npmjs.org/nodemon/-/nodemon-3.1.0.tgz"
    "version" "3.1.0"
    dependencies:
      "chokidar" "^3.5.2"
      "debug" "^4"
      "ignore-by-default" "^1.0.1"
      "minimatch" "^3.1.2"
      "pstree.remy" "^1.1.8"
      "semver" "^7.5.3"
      "simple-update-notifier" "^2.0.0"
      "supports-color" "^5.5.0"
      "touch" "^3.1.0"
      "undefsafe" "^2.0.5"
  
  "nopt@~1.0.10":
    "integrity" "sha512-NWmpvLSqUrgrAC9HCuxEvb+PSloHpqVu+FqcO4eeF2h5qYRhA7ev6KvelyQAKtegUbC6RypJnlEOhd8vloNKYg=="
    "resolved" "https://registry.npmjs.org/nopt/-/nopt-1.0.10.tgz"
    "version" "1.0.10"
    dependencies:
      "abbrev" "1"
  
  "normalize-path@^3.0.0", "normalize-path@~3.0.0":
    "integrity" "sha512-6eZs5Ls3WtCisHWp9S2GUy8dqkpGi4BVSz3GaqiE6ezub0512ESztXUwUB6C6IKbQkY2Pnb/mD4WYojCRwcwLA=="
    "resolved" "https://registry.npmjs.org/normalize-path/-/normalize-path-3.0.0.tgz"
    "version" "3.0.0"
  
  "object-assign@^4":
    "integrity" "sha512-rJgTQnkUnH1sFw8yT6VSU3zD3sWmu6sZhIseY8VX+GRu3P6F7Fu+JNDoXfklElbLJSnc3FUQHVe4cU5hj+BcUg=="
    "resolved" "https://registry.npmjs.org/object-assign/-/object-assign-4.1.1.tgz"
    "version" "4.1.1"
  
  "on-exit-leak-free@^2.1.0":
    "integrity" "sha512-0eJJY6hXLGf1udHwfNftBqH+g73EU4B504nZeKpz1sYRKafAghwxEJunB2O7rDZkL4PGfsMVnTXZ2EjibbqcsA=="
    "resolved" "https://registry.npmjs.org/on-exit-leak-free/-/on-exit-leak-free-2.1.2.tgz"
    "version" "2.1.2"
  
  "picomatch@^2.0.4", "picomatch@^2.2.1":
    "integrity" "sha512-JU3teHTNjmE2VCGFzuY8EXzCDVwEqB2a8fsIvwaStHhAWJEeVd1o1QD80CU6+ZdEXXSLbSsuLwJjkCBWqRQUVA=="
    "resolved" "https://registry.npmjs.org/picomatch/-/picomatch-2.3.1.tgz"
    "version" "2.3.1"
  
  "pino-abstract-transport@v1.1.0":
    "integrity" "sha512-lsleG3/2a/JIWUtf9Q5gUNErBqwIu1tUKTT3dUzaf5DySw9ra1wcqKjJjLX1VTY64Wk1eEOYsVGSaGfCK85ekA=="
    "resolved" "https://registry.npmjs.org/pino-abstract-transport/-/pino-abstract-transport-1.1.0.tgz"
    "version" "1.1.0"
    dependencies:
      "readable-stream" "^4.0.0"
      "split2" "^4.0.0"
  
  "pino-std-serializers@^6.0.0":
    "integrity" "sha512-cHjPPsE+vhj/tnhCy/wiMh3M3z3h/j15zHQX+S9GkTBgqJuTuJzYJ4gUyACLhDaJ7kk9ba9iRDmbH2tJU03OiA=="
    "resolved" "https://registry.npmjs.org/pino-std-serializers/-/pino-std-serializers-6.2.2.tgz"
    "version" "6.2.2"
  
  "pino@^8.17.0":
    "integrity" "sha512-oswmokxkav9bADfJ2ifrvfHUwad6MLp73Uat0IkQWY3iAw5xTRoznXbXksZs8oaOUMpmhVWD+PZogNzllWpJaA=="
    "resolved" "https://registry.npmjs.org/pino/-/pino-8.19.0.tgz"
    "version" "8.19.0"
    dependencies:
      "atomic-sleep" "^1.0.0"
      "fast-redact" "^3.1.1"
      "on-exit-leak-free" "^2.1.0"
      "pino-abstract-transport" "v1.1.0"
      "pino-std-serializers" "^6.0.0"
      "process-warning" "^3.0.0"
      "quick-format-unescaped" "^4.0.3"
      "real-require" "^0.2.0"
      "safe-stable-stringify" "^2.3.1"
      "sonic-boom" "^3.7.0"
      "thread-stream" "^2.0.0"
  
  "process-warning@^1.0.0":
    "integrity" "sha512-du4wfLyj4yCZq1VupnVSZmRsPJsNuxoDQFdCFHLaYiEbFBD7QE0a+I4D7hOxrVnh78QE/YipFAj9lXHiXocV+Q=="
    "resolved" "https://registry.npmjs.org/process-warning/-/process-warning-1.0.0.tgz"
    "version" "1.0.0"
  
  "process-warning@^2.0.0":
    "integrity" "sha512-n9wh8tvBe5sFmsqlg+XQhaQLumwpqoAUruLwjCopgTmUBjJ/fjtBsJzKleCaIGBOMXYEhp1YfKl4d7rJ5ZKJGA=="
    "resolved" "https://registry.npmjs.org/process-warning/-/process-warning-2.3.2.tgz"
    "version" "2.3.2"
  
  "process-warning@^3.0.0":
    "integrity" "sha512-mqn0kFRl0EoqhnL0GQ0veqFHyIN1yig9RHh/InzORTUiZHFRAur+aMtRkELNwGs9aNwKS6tg/An4NYBPGwvtzQ=="
    "resolved" "https://registry.npmjs.org/process-warning/-/process-warning-3.0.0.tgz"
    "version" "3.0.0"
  
  "process@^0.11.10":
    "integrity" "sha512-cdGef/drWFoydD1JsMzuFf8100nZl+GT+yacc2bEced5f9Rjk4z+WtFUTBu9PhOi9j/jfmBPu0mMEY4wIdAF8A=="
    "resolved" "https://registry.npmjs.org/process/-/process-0.11.10.tgz"
    "version" "0.11.10"
  
  "proxy-addr@^2.0.7":
    "integrity" "sha512-llQsMLSUDUPT44jdrU/O37qlnifitDP+ZwrmmZcoSKyLKvtZxpyV0n2/bD/N4tBAAZ/gJEdZU7KMraoK1+XYAg=="
    "resolved" "https://registry.npmjs.org/proxy-addr/-/proxy-addr-2.0.7.tgz"
    "version" "2.0.7"
    dependencies:
      "forwarded" "0.2.0"
      "ipaddr.js" "1.9.1"
  
  "pstree.remy@^1.1.8":
    "integrity" "sha512-77DZwxQmxKnu3aR542U+X8FypNzbfJ+C5XQDk3uWjWxn6151aIMGthWYRXTqT1E5oJvg+ljaa2OJi+VfvCOQ8w=="
    "resolved" "https://registry.npmjs.org/pstree.remy/-/pstree.remy-1.1.8.tgz"
    "version" "1.1.8"
  
  "punycode@^2.1.0", "punycode@^2.1.1", "punycode@^2.3.0":
    "integrity" "sha512-vYt7UD1U9Wg6138shLtLOvdAu+8DsC/ilFtEVHcH+wydcSpNE20AfSOduf6MkRFahL5FY7X1oU7nKVZFtfq8Fg=="
    "resolved" "https://registry.npmjs.org/punycode/-/punycode-2.3.1.tgz"
    "version" "2.3.1"
  
  "quick-format-unescaped@^4.0.3":
    "integrity" "sha512-tYC1Q1hgyRuHgloV/YXs2w15unPVh8qfu/qCTfhTYamaw7fyhumKa2yGpdSo87vY32rIclj+4fWYQXUMs9EHvg=="
    "resolved" "https://registry.npmjs.org/quick-format-unescaped/-/quick-format-unescaped-4.0.4.tgz"
    "version" "4.0.4"
  
  "readable-stream@^4.0.0":
    "integrity" "sha512-yjavECdqeZ3GLXNgRXgeQEdz9fvDDkNKyHnbHRFtOr7/LcfgBcmct7t/ET+HaCTqfh06OzoAxrkN/IfjJBVe+g=="
    "resolved" "https://registry.npmjs.org/readable-stream/-/readable-stream-4.5.2.tgz"
    "version" "4.5.2"
    dependencies:
      "abort-controller" "^3.0.0"
      "buffer" "^6.0.3"
      "events" "^3.3.0"
      "process" "^0.11.10"
      "string_decoder" "^1.3.0"
  
  "readdirp@~3.6.0":
    "integrity" "sha512-hOS089on8RduqdbhvQ5Z37A0ESjsqz6qnRcffsMU3495FuTdqSm+7bhJ29JvIOsBDEEnan5DPu9t3To9VRlMzA=="
    "resolved" "https://registry.npmjs.org/readdirp/-/readdirp-3.6.0.tgz"
    "version" "3.6.0"
    dependencies:
      "picomatch" "^2.2.1"
  
  "real-require@^0.2.0":
    "integrity" "sha512-57frrGM/OCTLqLOAh0mhVA9VBMHd+9U7Zb2THMGdBUoZVOtGbJzjxsYGDJ3A9AYYCP4hn6y1TVbaOfzWtm5GFg=="
    "resolved" "https://registry.npmjs.org/real-require/-/real-require-0.2.0.tgz"
    "version" "0.2.0"
  
  "require-from-string@^2.0.2":
    "integrity" "sha512-Xf0nWe6RseziFMu+Ap9biiUbmplq6S9/p+7w7YXP/JBHhrUDDUhwa+vANyubuqfZWTveU//DYVGsDG7RKL/vEw=="
    "resolved" "https://registry.npmjs.org/require-from-string/-/require-from-string-2.0.2.tgz"
    "version" "2.0.2"
  
  "ret@~0.2.0":
    "integrity" "sha512-M0b3YWQs7R3Z917WRQy1HHA7Ba7D8hvZg6UE5mLykJxQVE2ju0IXbGlaHPPlkY+WN7wFP+wUMXmBFA0aV6vYGQ=="
    "resolved" "https://registry.npmjs.org/ret/-/ret-0.2.2.tgz"
    "version" "0.2.2"
  
  "reusify@^1.0.4":
    "integrity" "sha512-U9nH88a3fc/ekCF1l0/UP1IosiuIjyTh7hBvXVMHYgVcfGvt897Xguj2UOLDeI5BG2m7/uwyaLVT6fbtCwTyzw=="
    "resolved" "https://registry.npmjs.org/reusify/-/reusify-1.0.4.tgz"
    "version" "1.0.4"
  
  "rfdc@^1.2.0", "rfdc@^1.3.0":
    "integrity" "sha512-r5a3l5HzYlIC68TpmYKlxWjmOP6wiPJ1vWv2HeLhNsRZMrCkxeqxiHlQ21oXmQ4F3SiryXBHhAD7JZqvOJjFmg=="
    "resolved" "https://registry.npmjs.org/rfdc/-/rfdc-1.3.1.tgz"
    "version" "1.3.1"
  
  "safe-buffer@~5.2.0":
    "integrity" "sha512-rp3So07KcdmmKbGvgaNxQSJr7bGVSVk5S9Eq1F+ppbRo70+YeaDxkw5Dd8NPN+GD6bjnYm2VuPuCXmpuYvmCXQ=="
    "resolved" "https://registry.npmjs.org/safe-buffer/-/safe-buffer-5.2.1.tgz"
    "version" "5.2.1"
  
  "safe-regex2@^2.0.0":
    "integrity" "sha512-PaUSFsUaNNuKwkBijoAPHAK6/eM6VirvyPWlZ7BAQy4D+hCvh4B6lIG+nPdhbFfIbP+gTGBcrdsOaUs0F+ZBOQ=="
    "resolved" "https://registry.npmjs.org/safe-regex2/-/safe-regex2-2.0.0.tgz"
    "version" "2.0.0"
    dependencies:
      "ret" "~0.2.0"
  
  "safe-stable-stringify@^2.3.1":
    "integrity" "sha512-e2bDA2WJT0wxseVd4lsDP4+3ONX6HpMXQa1ZhFQ7SU+GjvORCmShbCMltrtIDfkYhVHrOcPtj+KhmDBdPdZD1g=="
    "resolved" "https://registry.npmjs.org/safe-stable-stringify/-/safe-stable-stringify-2.4.3.tgz"
    "version" "2.4.3"
  
  "saslprep@^1.0.3":
    "integrity" "sha512-/MY/PEMbk2SuY5sScONwhUDsV2p77Znkb/q3nSVstq/yQzYJOH/Azh29p9oJLsl3LnQwSvZDKagDGBsBwSooag=="
    "resolved" "https://registry.npmjs.org/saslprep/-/saslprep-1.0.3.tgz"
    "version" "1.0.3"
    dependencies:
      "sparse-bitfield" "^3.0.3"
  
  "secure-json-parse@^2.7.0":
    "integrity" "sha512-6aU+Rwsezw7VR8/nyvKTx8QpWH9FrcYiXXlqC4z5d5XQBDRqtbfsRjnwGyqbi3gddNtWHuEk9OANUotL26qKUw=="
    "resolved" "https://registry.npmjs.org/secure-json-parse/-/secure-json-parse-2.7.0.tgz"
    "version" "2.7.0"
  
  "semver@^7.5.3", "semver@^7.5.4":
    "integrity" "sha512-EnwXhrlwXMk9gKu5/flx5sv/an57AkRplG3hTK68W7FRDN+k+OWBj65M7719OkA82XLBxrcX0KSHj+X5COhOVg=="
    "resolved" "https://registry.npmjs.org/semver/-/semver-7.6.0.tgz"
    "version" "7.6.0"
    dependencies:
      "lru-cache" "^6.0.0"
  
  "set-cookie-parser@^2.4.1":
    "integrity" "sha512-RVnVQxTXuerk653XfuliOxBP81Sf0+qfQE73LIYKcyMYHG94AuH0kgrQpRDuTZnSmjpysHmzxJXKNfa6PjFhyQ=="
    "resolved" "https://registry.npmjs.org/set-cookie-parser/-/set-cookie-parser-2.6.0.tgz"
    "version" "2.6.0"
  
  "simple-update-notifier@^2.0.0":
    "integrity" "sha512-a2B9Y0KlNXl9u/vsW6sTIu9vGEpfKu2wRV6l1H3XEas/0gUIzGzBoP/IouTcUQbm9JWZLH3COxyn03TYlFax6w=="
    "resolved" "https://registry.npmjs.org/simple-update-notifier/-/simple-update-notifier-2.0.0.tgz"
    "version" "2.0.0"
    dependencies:
      "semver" "^7.5.3"
  
  "smart-buffer@^4.2.0":
    "integrity" "sha512-94hK0Hh8rPqQl2xXc3HsaBoOXKV20MToPkcXvwbISWLEs+64sBq5kFgn2kJDHb1Pry9yrP0dxrCI9RRci7RXKg=="
    "resolved" "https://registry.npmjs.org/smart-buffer/-/smart-buffer-4.2.0.tgz"
    "version" "4.2.0"
  
  "socks@^2.7.1":
    "integrity" "sha512-B6w7tkwNid7ToxjZ08rQMT8M9BJAf8DKx8Ft4NivzH0zBUfd6jldGcisJn/RLgxcX3FPNDdNQCUEMMT79b+oCQ=="
    "resolved" "https://registry.npmjs.org/socks/-/socks-2.8.1.tgz"
    "version" "2.8.1"
    dependencies:
      "ip-address" "^9.0.5"
      "smart-buffer" "^4.2.0"
  
  "sonic-boom@^3.7.0":
    "integrity" "sha512-ybz6OYOUjoQQCQ/i4LU8kaToD8ACtYP+Cj5qd2AO36bwbdewxWJ3ArmJ2cr6AvxlL2o0PqnCcPGUgkILbfkaCA=="
    "resolved" "https://registry.npmjs.org/sonic-boom/-/sonic-boom-3.8.0.tgz"
    "version" "3.8.0"
    dependencies:
      "atomic-sleep" "^1.0.0"
  
  "sparse-bitfield@^3.0.3":
    "integrity" "sha512-kvzhi7vqKTfkh0PZU+2D2PIllw2ymqJKujUcyPMd9Y75Nv4nPbGJZXNhxsgdQab2BmlDct1YnfQCguEvHr7VsQ=="
    "resolved" "https://registry.npmjs.org/sparse-bitfield/-/sparse-bitfield-3.0.3.tgz"
    "version" "3.0.3"
    dependencies:
      "memory-pager" "^1.0.2"
  
  "split2@^4.0.0":
    "integrity" "sha512-UcjcJOWknrNkF6PLX83qcHM6KHgVKNkV62Y8a5uYDVv9ydGQVwAHMKqHdJje1VTWpljG0WYpCDhrCdAOYH4TWg=="
    "resolved" "https://registry.npmjs.org/split2/-/split2-4.2.0.tgz"
    "version" "4.2.0"
  
  "sprintf-js@^1.1.3":
    "integrity" "sha512-Oo+0REFV59/rz3gfJNKQiBlwfHaSESl1pcGyABQsnnIfWOFt6JNj5gCog2U6MLZ//IGYD+nA8nI+mTShREReaA=="
    "resolved" "https://registry.npmjs.org/sprintf-js/-/sprintf-js-1.1.3.tgz"
    "version" "1.1.3"
  
  "string_decoder@^1.3.0":
    "integrity" "sha512-hkRX8U1WjJFd8LsDJ2yQ/wWWxaopEsABU1XfkM8A+j0+85JAGppt16cr1Whg6KIbb4okU6Mql6BOj+uup/wKeA=="
    "resolved" "https://registry.npmjs.org/string_decoder/-/string_decoder-1.3.0.tgz"
    "version" "1.3.0"
    dependencies:
      "safe-buffer" "~5.2.0"
  
  "strnum@^1.0.5":
    "integrity" "sha512-J8bbNyKKXl5qYcR36TIO8W3mVGVHrmmxsd5PAItGkmyzwJvybiw2IVq5nqd0i4LSNSkB/sx9VHllbfFdr9k1JA=="
    "resolved" "https://registry.npmjs.org/strnum/-/strnum-1.0.5.tgz"
    "version" "1.0.5"
  
  "supports-color@^5.5.0":
    "integrity" "sha512-QjVjwdXIt408MIiAqCX4oUKsgU2EqAGzs2Ppkm4aQYbjm+ZEWEcW4SfFNTr4uMNZma0ey4f5lgLrkB0aX0QMow=="
    "resolved" "https://registry.npmjs.org/supports-color/-/supports-color-5.5.0.tgz"
    "version" "5.5.0"
    dependencies:
      "has-flag" "^3.0.0"
  
  "thread-stream@^2.0.0":
    "integrity" "sha512-d/Ex2iWd1whipbT681JmTINKw0ZwOUBZm7+Gjs64DHuX34mmw8vJL2bFAaNacaW72zYiTJxSHi5abUuOi5nsfg=="
    "resolved" "https://registry.npmjs.org/thread-stream/-/thread-stream-2.4.1.tgz"
    "version" "2.4.1"
    dependencies:
      "real-require" "^0.2.0"
  
  "to-regex-range@^5.0.1":
    "integrity" "sha512-65P7iz6X5yEr1cwcgvQxbbIw7Uk3gOy5dIdtZ4rDveLqhrdJP+Li/Hx6tyK0NEb+2GCyneCMJiGqrADCSNk8sQ=="
    "resolved" "https://registry.npmjs.org/to-regex-range/-/to-regex-range-5.0.1.tgz"
    "version" "5.0.1"
    dependencies:
      "is-number" "^7.0.0"
  
  "toad-cache@^3.3.0":
    "integrity" "sha512-/m8M+2BJUpoJdgAHoG+baCwBT+tf2VraSfkBgl0Y00qIWt41DJ8R5B8nsEw0I58YwF5IZH6z24/2TobDKnqSWw=="
    "resolved" "https://registry.npmjs.org/toad-cache/-/toad-cache-3.7.0.tgz"
    "version" "3.7.0"
  
  "touch@^3.1.0":
    "integrity" "sha512-WBx8Uy5TLtOSRtIq+M03/sKDrXCLHxwDcquSP2c43Le03/9serjQBIztjRz6FkJez9D/hleyAXTBGLwwZUw9lA=="
    "resolved" "https://registry.npmjs.org/touch/-/touch-3.1.0.tgz"
    "version" "3.1.0"
    dependencies:
      "nopt" "~1.0.10"
  
  "tr46@^3.0.0":
    "integrity" "sha512-l7FvfAHlcmulp8kr+flpQZmVwtu7nfRV7NZujtN0OqES8EL4O4e0qqzL0DC5gAvx/ZC/9lk6rhcUwYvkBnBnYA=="
    "resolved" "https://registry.npmjs.org/tr46/-/tr46-3.0.0.tgz"
    "version" "3.0.0"
    dependencies:
      "punycode" "^2.1.1"
  
  "tr46@^4.1.1":
    "integrity" "sha512-2lv/66T7e5yNyhAAC4NaKe5nVavzuGJQVVtRYLyQ2OI8tsJ61PMLlelehb0wi2Hx6+hT/OJUWZcw8MjlSRnxvw=="
    "resolved" "https://registry.npmjs.org/tr46/-/tr46-4.1.1.tgz"
    "version" "4.1.1"
    dependencies:
      "punycode" "^2.3.0"
  
  "tslib@^1.11.1":
    "integrity" "sha512-Xni35NKzjgMrwevysHTCArtLDpPvye8zV/0E4EyYn43P7/7qvQwPh9BGkHewbMulVntbigmcT7rdX3BNo9wRJg=="
    "resolved" "https://registry.npmjs.org/tslib/-/tslib-1.14.1.tgz"
    "version" "1.14.1"
  
  "tslib@^2.3.1", "tslib@^2.5.0":
    "integrity" "sha512-AEYxH93jGFPn/a2iVAwW87VuUIkR1FVUKB77NwMF7nBTDkDrrT/Hpt/IrCJ0QXhW27jTBDcf5ZY7w6RiqTMw2Q=="
    "resolved" "https://registry.npmjs.org/tslib/-/tslib-2.6.2.tgz"
    "version" "2.6.2"
  
  "undefsafe@^2.0.5":
    "integrity" "sha512-WxONCrssBM8TSPRqN5EmsjVrsv4A8X12J4ArBiiayv3DyyG3ZlIg6yysuuSYdZsVz3TKcTg2fd//Ujd4CHV1iA=="
    "resolved" "https://registry.npmjs.org/undefsafe/-/undefsafe-2.0.5.tgz"
    "version" "2.0.5"
  
  "undici-types@~5.26.4":
    "integrity" "sha512-JlCMO+ehdEIKqlFxk6IfVoAUVmgz7cU7zD/h9XZ0qzeosSHmUJVOzSQvvYSYWXkFXC+IfLKSIffhv0sVZup6pA=="
    "resolved" "https://registry.npmjs.org/undici-types/-/undici-types-5.26.5.tgz"
    "version" "5.26.5"
  
  "uri-js@^4.2.2":
    "integrity" "sha512-7rKUyy33Q1yc98pQ1DAmLtwX109F7TIfWlW1Ydo8Wl1ii1SeHieeh0HHfPeL2fMXK6z0s8ecKs9frCuLJvndBg=="
    "resolved" "https://registry.npmjs.org/uri-js/-/uri-js-4.4.1.tgz"
    "version" "4.4.1"
    dependencies:
      "punycode" "^2.1.0"
  
  "uuid@^8.3.2":
    "integrity" "sha512-+NYs2QeMWy+GWFOEm9xnn6HCDp0l7QBD7ml8zLUmJ+93Q5NF0NocErnwkTkXVFNiX3/fpC6afS8Dhb/gz7R7eg=="
    "resolved" "https://registry.npmjs.org/uuid/-/uuid-8.3.2.tgz"
    "version" "8.3.2"
  
  "vary@^1", "vary@^1.1.2":
    "integrity" "sha512-BNGbWLfd0eUPabhkXUVm0j8uuvREyTh5ovRa/dyow/BqAbZJyC+5fU+IzQOzmAKzYqYRAISoRhdQr3eIZ/PXqg=="
    "resolved" "https://registry.npmjs.org/vary/-/vary-1.1.2.tgz"
    "version" "1.1.2"
  
  "webidl-conversions@^7.0.0":
    "integrity" "sha512-VwddBukDzu71offAQR975unBIGqfKZpM+8ZX6ySk8nYhVoo5CYaZyzt3YBvYtRtO+aoGlqxPg/B87NGVZ/fu6g=="
    "resolved" "https://registry.npmjs.org/webidl-conversions/-/webidl-conversions-7.0.0.tgz"
    "version" "7.0.0"
  
  "whatwg-url@^11.0.0":
    "integrity" "sha512-RKT8HExMpoYx4igMiVMY83lN6UeITKJlBQ+vR/8ZJ8OCdSiN3RwCq+9gH0+Xzj0+5IrM6i4j/6LuvzbZIQgEcQ=="
    "resolved" "https://registry.npmjs.org/whatwg-url/-/whatwg-url-11.0.0.tgz"
    "version" "11.0.0"
    dependencies:
      "tr46" "^3.0.0"
      "webidl-conversions" "^7.0.0"
  
  "whatwg-url@^13.0.0":
    "integrity" "sha512-9WWbymnqj57+XEuqADHrCJ2eSXzn8WXIW/YSGaZtb2WKAInQ6CHfaUUcTyyver0p8BDg5StLQq8h1vtZuwmOig=="
    "resolved" "https://registry.npmjs.org/whatwg-url/-/whatwg-url-13.0.0.tgz"
    "version" "13.0.0"
    dependencies:
      "tr46" "^4.1.1"
      "webidl-conversions" "^7.0.0"
  
  "yallist@^4.0.0":
    "integrity" "sha512-3wdGidZyq5PB084XLES5TpOSRA3wjXAlIWMhum2kRcv/41Sn2emQ0dycQW4uZXLejwKvg6EsvbdlVL+FYEct7A=="
    "resolved" "https://registry.npmjs.org/yallist/-/yallist-4.0.0.tgz"
    "version" "4.0.0"
